----------------------------------------------------
2013-05-01 01:34:30 tSettings 	SetFilePath	Read parameters 
2013-05-01 01:34:30 tSettings 	sync	Save parameters 
2013-05-01 01:34:30 tDatabaseOp 	DatabaseOp	–ü–æ–¥–∫–ª—é—á–µ–Ω–∏–µ –±–∞–∑—ã –¥–∞–Ω–Ω—ã—Ö  
2013-05-01 01:34:30 tDatabaseOp 	RefreshModelsFiles	–û–±–Ω–æ–≤–ª–µ–Ω–∏–µ –ª–æ–∫–∞–ª—å–Ω—ã—Ö —Ç–∞–±–ª–∏—Ü –ø–æ —Ñ–∞–π–ª–∞–º –Ω–∞ –¥–∏—Å–∫–µ  
2013-05-01 01:34:32 –ù–∞—á–∞–ª–æ —Ä–∞–±–æ—Ç—ã –∫–ª–∏–µ–Ω—Ç–∞
2013-05-01 01:34:32 socket 	Initialize	–°–æ–∑–¥–∞–Ω–∏–µ —Å–æ–∫–µ—Ç–∞ 
2013-05-01 01:34:32 Zast 	FindServer	–ù–∞—á–∞–ª–æ –ø–æ–∏—Å–∫–∞ —Å–µ—Ä–≤–µ—Ä–∞ 
2013-05-01 01:34:32 socket 	ReadReport	Report: 3
2013-05-01 01:34:32 tConnectConfirmReport 	ExeCommand	 –ü–æ–¥—Ç–≤–µ—Ä–∂–¥–µ–Ω–∏–µ —Å–æ–µ–¥–∏–Ω–µ–Ω–∏—è 
2013-05-01 01:34:32 tConveyor 	OnCommand	–í—ã–ø–æ–ª–Ω–µ–Ω–∏–µ –∫–æ–º–∞–Ω–¥—ã –∏–∑ —Å–æ–∫–µ—Ç–∞ ConnectConfirmReport
2013-05-01 01:34:32 tClientGuiCommand 	GuiConnectConfirmReport	–ü–æ–¥–∫–ª—é—á–µ–Ω–∏–µ —Ä–∞–∑—Ä–µ—à–µ–Ω–æ
2013-05-01 01:34:32 Zast 	AutorizStart	–°–µ—Ä–≤–µ—Ä –Ω–∞–π–¥–µ–Ω 
2013-05-01 01:34:35 –û—Ç–ø—Ä–∞–≤–∫–∞ –∞–≤—Ç–æ—Ä–∏–∑–∞—Ü–∏–∏ –õ–æ–≥–∏–Ω: 1
2013-05-01 01:34:35 tConveyor 	OnCommand	–í—ã–ø–æ–ª–Ω–µ–Ω–∏–µ –∫–æ–º–∞–Ω–¥—ã –∏–∑ GUI SendAutorization
2013-05-01 01:34:35 tClientGuiCommand 	GuiSendAutorization	–û—Ç–ø—Ä–∞–≤–∫–∞ –ª–æ–≥–∏–Ω–∞ –∏ –ø–∞—Ä–æ–ª—è –õ–æ–≥–∏–Ω: 1
2013-05-01 01:34:35 socket 	OnCommand	–ü–æ–ª—É—á–µ–Ω–∞ –∫–æ–º–∞–Ω–¥–∞ SendAutorization
2013-05-01 01:34:35 tStreamSendAutorization 	ExeCommand	 –û—Ç–ø—Ä–∞–≤–∫–∞ –∞–≤—Ç–æ—Ä–∏–∑–∞—Ü–∏–∏  1
2013-05-01 01:34:35 socket 	ReadReport	Report: 5
2013-05-01 01:34:35 tStreamReportAutorization 	ExeCommand	 –ê–≤—Ç–æ—Ä–∏–∑–∞—Ü–∏—è —É—Å–ø–µ—à–Ω–∞ 
2013-05-01 01:34:35 tConveyor 	OnCommand	–í—ã–ø–æ–ª–Ω–µ–Ω–∏–µ –∫–æ–º–∞–Ω–¥—ã –∏–∑ —Å–æ–∫–µ—Ç–∞ ReportAutorization
2013-05-01 01:34:35 tClientGuiCommand 	GuiReportAutorization	–û—Ç—á–µ—Ç –æ–± –∞–≤—Ç–æ—Ä–∏–∑–∞—Ü–∏–∏. –ê–≤—Ç–æ—Ä–∏–∑–∞—Ü–∏—è –ø—Ä–∏–Ω—è—Ç–∞ 
2013-05-01 01:34:36 tDatabaseOp 	RefreshModelsFiles	–û–±–Ω–æ–≤–ª–µ–Ω–∏–µ –ª–æ–∫–∞–ª—å–Ω—ã—Ö —Ç–∞–±–ª–∏—Ü –ø–æ —Ñ–∞–π–ª–∞–º –Ω–∞ –¥–∏—Å–∫–µ  
2013-05-01 01:34:37 tConveyor 	OnCommand	–í—ã–ø–æ–ª–Ω–µ–Ω–∏–µ –∫–æ–º–∞–Ω–¥—ã –∏–∑ GUI GetListModels
2013-05-01 01:34:37 tClientGuiCommand 	GetListModels	 –ó–∞–ø—Ä–æ—Å —Å–ø–∏—Å–∫–∞ –º–æ–¥–µ–ª–µ–π —Å —Å–µ—Ä–≤–µ—Ä–∞
2013-05-01 01:34:37 socket 	OnCommand	–ü–æ–ª—É—á–µ–Ω–∞ –∫–æ–º–∞–Ω–¥–∞ GetListModels
2013-05-01 01:34:37 tGetServerListModels 	ExeCommand	 –ó–∞–ø—Ä–æ—Å —Å–ø–∏—Å–∫–∞ –º–æ–¥–µ–ª–µ–π —Å —Å–µ—Ä–≤–µ—Ä–∞ 
2013-05-01 01:34:37 socket 	ReadReport	Report: 11
2013-05-01 01:34:37 tReportGetListServerModels 	ExeCommand	 –ü–æ–ª—É—á–µ–Ω–∏–µ —Å–ø–∏—Å–∫–∞ –º–æ–¥–µ–ª–µ–π —Å —Å–µ—Ä–≤–µ—Ä–∞ 
2013-05-01 01:34:37 tConveyor 	OnCommand	–í—ã–ø–æ–ª–Ω–µ–Ω–∏–µ –∫–æ–º–∞–Ω–¥—ã –∏–∑ —Å–æ–∫–µ—Ç–∞ ReportGetListServerModels
2013-05-01 01:34:37 tClientGuiCommand 	GetListModels	 –û—Ç—á–µ—Ç –∑–∞–ø—Ä–æ—Å–∞ —Å–ø–∏—Å–∫–∞ –º–æ–¥–µ–ª–µ–π —Å —Å–µ—Ä–≤–µ—Ä–∞
2013-05-01 01:34:37 tDatabaseOp 	SaveServerModelFiles	–û–±–Ω–æ–≤–ª–µ–Ω–∏–µ —Å–µ—Ä–≤–µ—Ä–Ω—ã—Ö —Ç–∞–±–ª–∏—Ü –ø–æ –∏–Ω—Ñ–æ—Ä–º–∞—Ü–∏–∏ —Å —Å–µ—Ä–≤–µ—Ä–∞  
2013-05-01 01:35:10 tConveyor 	Clear	–°–±—Ä–æ—Å —Å–ø–∏—Å–∫–∞ –∫–æ–º–∞–Ω–¥ —Ç—Ä–∞–Ω–∑–∞–∫—Ü–∏–∏
2013-05-01 01:35:10 tModelsConveyor 	StartReceiveDeleteFiles	–§–æ—Ä–º–∏—Ä–æ–≤–∞–Ω–∏–µ —Å–ø–∏—Å–∫–∞ –∫–æ–º–∞–Ω–¥ —Ç—Ä–∞–Ω–∑–∞–∫—Ü–∏–∏ –ø—Ä–∏–µ–º–∞ –∏ —É–¥–∞–ª–µ–Ω–∏—è —Ñ–∞–π–ª–æ–≤ –Ω–∞ –∫–ª–∏–µ–Ω—Ç–µ
2013-05-01 01:35:10 tConveyor 	ClearTempFolder	–û—á–∏—Å—Ç–∫–∞ –≤—Ä–µ–º–µ–Ω–Ω–æ–π –ø–∞–ø–∫–∏
2013-05-01 01:35:10 tConveyor 	DeletingFile	–ü–æ–¥–≥–æ—Ç–æ–≤–∫–∞ –∫–æ–º–∞–Ω–¥—ã —É–¥–∞–ª–µ–Ω–∏—è —Ñ–∞–π–ª–∞ –Ω–∞ –∫–ª–∏–µ–Ω—Ç–µ objects/vhc_t-90/.t-90.info/Lighthouse - ÍÓÔËˇ - ÍÓÔËˇ.jpg
2013-05-01 01:35:10 tConveyor 	DeletingFile	–ü–æ–¥–≥–æ—Ç–æ–≤–∫–∞ –∫–æ–º–∞–Ω–¥—ã —É–¥–∞–ª–µ–Ω–∏—è —Ñ–∞–π–ª–∞ –Ω–∞ –∫–ª–∏–µ–Ω—Ç–µ objects/vhc_t-90/.t-90.info/Lighthouse - ÍÓÔËˇ.jpg
2013-05-01 01:35:10 tConveyor 	AddStartTransaction	–î–æ–±–∞–≤–ª–µ–Ω–∏–µ –∫–æ–º–∞–Ω–¥—ã –Ω–∞—á–∞–ª–∞ —Ç—Ä–∞–Ω–∑–∞–∫—Ü–∏–∏ (–ø–æ–ª—É—á–µ–Ω–∏–µ) 
2013-05-01 01:35:10 tConveyor 	AddCommitTransaction	–§–æ—Ä–º–∏—Ä–æ–≤–∞–Ω–∏–µ –∫–æ–º–∞–Ω–¥—ã –∫–æ–º–º–∏—Ç–∞ —Ç—Ä–∞–Ω–∑–∞–∫—Ü–∏–∏ –ø–æ–ª—É—á–µ–Ω–∏—è VerifyMoveDelete
2013-05-01 01:35:10 tConveyor 	AddCommitTransaction	–ö–æ–º–∞–Ω–¥–∞ –æ–±–Ω–æ–≤–ª–µ–Ω–∏—è –ª–æ–∫–∞–ª—å–Ω—ã—Ö —Ç–∞–±–ª–∏—Ü UpdateMainLocal
2013-05-01 01:35:10 tConveyor 	StartExecution	–ù–∞—á–∞–ª–æ –≤—ã–ø–æ–ª–Ω–µ–Ω–∏—è —Å–ø–∏—Å–∫–∞ –∫–æ–º–∞–Ω–¥ 
2013-05-01 01:35:10 tConveyor 	NextCommand	–°–ª–µ–¥—É—é—â–∞—è –∫–æ–º–∞–Ω–¥–∞ —Å–ø–∏—Å–∫–∞ –∫–æ–º–∞–Ω–¥
2013-05-01 01:35:10 tConveyor 	OnCommand	–í—ã–ø–æ–ª–Ω–µ–Ω–∏–µ –∫–æ–º–∞–Ω–¥—ã –∏–∑ GUI VerifyMoveDelete
2013-05-01 01:35:10 tClientGuiCommand 	VerifyMoveDelete	 –ö–æ–º–∞–Ω–¥–∞ –ø—Ä–æ–≤–µ—Ä–∫–∏, –∑–∞–º–µ–Ω—ã –∏ —É–¥–∞–ª–µ–Ω–∏—è –ª–æ–∫–∞–ª—å–Ω—ã—Ö —Ñ–∞–π–ª–æ–≤
2013-05-01 01:35:11 tConveyor 	NextCommand	–°–ª–µ–¥—É—é—â–∞—è –∫–æ–º–∞–Ω–¥–∞ —Å–ø–∏—Å–∫–∞ –∫–æ–º–∞–Ω–¥
2013-05-01 01:35:11 tConveyor 	OnCommand	–í—ã–ø–æ–ª–Ω–µ–Ω–∏–µ –∫–æ–º–∞–Ω–¥—ã –∏–∑ GUI UpdateMainLocal
2013-05-01 01:35:11 tClientGuiCommand 	UpdateMainLocal	 –û–±–Ω–æ–≤–ª–µ–Ω–∏–µ –ª–æ–∫–∞–ª—å–Ω—ã—Ö –∏ Last —Ç–∞–±–ª–∏—Ü 
2013-05-01 01:35:11 tDatabaseOp 	RefreshModelsFiles	–û–±–Ω–æ–≤–ª–µ–Ω–∏–µ –ª–æ–∫–∞–ª—å–Ω—ã—Ö —Ç–∞–±–ª–∏—Ü –ø–æ —Ñ–∞–π–ª–∞–º –Ω–∞ –¥–∏—Å–∫–µ  
2013-05-01 01:35:11 tConveyor 	NextCommand	–ö–æ–Ω–µ—Ü —Å–ø–∏—Å–∫–∞ –∫–æ–º–∞–Ω–¥ 
2013-05-01 01:35:11 tConveyor 	ClearTempFolder	–û—á–∏—Å—Ç–∫–∞ –≤—Ä–µ–º–µ–Ω–Ω–æ–π –ø–∞–ø–∫–∏
2013-05-01 01:35:11 tConveyor 	ClearTempFolder	–û—á–∏—Å—Ç–∫–∞ –≤—Ä–µ–º–µ–Ω–Ω–æ–π –ø–∞–ø–∫–∏
2013-05-01 01:35:11 tConveyor 	Clear	–°–±—Ä–æ—Å —Å–ø–∏—Å–∫–∞ –∫–æ–º–∞–Ω–¥ —Ç—Ä–∞–Ω–∑–∞–∫—Ü–∏–∏
2013-05-01 01:35:11 tModelsConveyor 	StartReceiveDeleteFiles	–§–æ—Ä–º–∏—Ä–æ–≤–∞–Ω–∏–µ —Å–ø–∏—Å–∫–∞ –∫–æ–º–∞–Ω–¥ —Ç—Ä–∞–Ω–∑–∞–∫—Ü–∏–∏ –ø—Ä–∏–µ–º–∞ –∏ —É–¥–∞–ª–µ–Ω–∏—è —Ñ–∞–π–ª–æ–≤ –Ω–∞ –∫–ª–∏–µ–Ω—Ç–µ
2013-05-01 01:35:11 tConveyor 	ClearTempFolder	–û—á–∏—Å—Ç–∫–∞ –≤—Ä–µ–º–µ–Ω–Ω–æ–π –ø–∞–ø–∫–∏
2013-05-01 01:35:11 tModelsConveyor 	StartReceiveDeleteFiles	–í—Å–µ –º–æ–¥–µ–ª–∏ –ø—Ä–∏–Ω—è—Ç—ã
----------------------------------------------------
2013-05-01 01:45:31 tSettings 	SetFilePath	Read parameters 
2013-05-01 01:45:31 tSettings 	sync	Save parameters 
2013-05-01 01:45:31 tDatabaseOp 	DatabaseOp	–ü–æ–¥–∫–ª—é—á–µ–Ω–∏–µ –±–∞–∑—ã –¥–∞–Ω–Ω—ã—Ö  
2013-05-01 01:45:31 tDatabaseOp 	RefreshModelsFiles	–û–±–Ω–æ–≤–ª–µ–Ω–∏–µ –ª–æ–∫–∞–ª—å–Ω—ã—Ö —Ç–∞–±–ª–∏—Ü –ø–æ —Ñ–∞–π–ª–∞–º –Ω–∞ –¥–∏—Å–∫–µ  
2013-05-01 01:45:32 –ù–∞—á–∞–ª–æ —Ä–∞–±–æ—Ç—ã –∫–ª–∏–µ–Ω—Ç–∞
2013-05-01 01:45:32 socket 	Initialize	–°–æ–∑–¥–∞–Ω–∏–µ —Å–æ–∫–µ—Ç–∞ 
2013-05-01 01:45:32 Zast 	FindServer	–ù–∞—á–∞–ª–æ –ø–æ–∏—Å–∫–∞ —Å–µ—Ä–≤–µ—Ä–∞ 
2013-05-01 01:45:32 socket 	ReadReport	Report: 3
2013-05-01 01:45:32 tConnectConfirmReport 	ExeCommand	 –ü–æ–¥—Ç–≤–µ—Ä–∂–¥–µ–Ω–∏–µ —Å–æ–µ–¥–∏–Ω–µ–Ω–∏—è 
2013-05-01 01:45:33 tConveyor 	OnCommand	–í—ã–ø–æ–ª–Ω–µ–Ω–∏–µ –∫–æ–º–∞–Ω–¥—ã –∏–∑ —Å–æ–∫–µ—Ç–∞ ConnectConfirmReport
2013-05-01 01:45:33 tClientGuiCommand 	GuiConnectConfirmReport	–ü–æ–¥–∫–ª—é—á–µ–Ω–∏–µ —Ä–∞–∑—Ä–µ—à–µ–Ω–æ
2013-05-01 01:45:33 Zast 	AutorizStart	–°–µ—Ä–≤–µ—Ä –Ω–∞–π–¥–µ–Ω 
2013-05-01 01:45:36 –û—Ç–ø—Ä–∞–≤–∫–∞ –∞–≤—Ç–æ—Ä–∏–∑–∞—Ü–∏–∏ –õ–æ–≥–∏–Ω: 1
2013-05-01 01:45:36 tConveyor 	OnCommand	–í—ã–ø–æ–ª–Ω–µ–Ω–∏–µ –∫–æ–º–∞–Ω–¥—ã –∏–∑ GUI SendAutorization
2013-05-01 01:45:36 tClientGuiCommand 	GuiSendAutorization	–û—Ç–ø—Ä–∞–≤–∫–∞ –ª–æ–≥–∏–Ω–∞ –∏ –ø–∞—Ä–æ–ª—è –õ–æ–≥–∏–Ω: 1
2013-05-01 01:45:36 socket 	OnCommand	–ü–æ–ª—É—á–µ–Ω–∞ –∫–æ–º–∞–Ω–¥–∞ SendAutorization
2013-05-01 01:45:36 tStreamSendAutorization 	ExeCommand	 –û—Ç–ø—Ä–∞–≤–∫–∞ –∞–≤—Ç–æ—Ä–∏–∑–∞—Ü–∏–∏  1
2013-05-01 01:45:36 socket 	ReadReport	Report: 5
2013-05-01 01:45:36 tStreamReportAutorization 	ExeCommand	 –ê–≤—Ç–æ—Ä–∏–∑–∞—Ü–∏—è —É—Å–ø–µ—à–Ω–∞ 
2013-05-01 01:45:36 tConveyor 	OnCommand	–í—ã–ø–æ–ª–Ω–µ–Ω–∏–µ –∫–æ–º–∞–Ω–¥—ã –∏–∑ —Å–æ–∫–µ—Ç–∞ ReportAutorization
2013-05-01 01:45:36 tClientGuiCommand 	GuiReportAutorization	–û—Ç—á–µ—Ç –æ–± –∞–≤—Ç–æ—Ä–∏–∑–∞—Ü–∏–∏. –ê–≤—Ç–æ—Ä–∏–∑–∞—Ü–∏—è –ø—Ä–∏–Ω—è—Ç–∞ 
2013-05-01 01:45:37 tConveyor 	OnCommand	–í—ã–ø–æ–ª–Ω–µ–Ω–∏–µ –∫–æ–º–∞–Ω–¥—ã –∏–∑ GUI GetListModels
2013-05-01 01:45:37 tClientGuiCommand 	GetListModels	 –ó–∞–ø—Ä–æ—Å —Å–ø–∏—Å–∫–∞ –º–æ–¥–µ–ª–µ–π —Å —Å–µ—Ä–≤–µ—Ä–∞
2013-05-01 01:45:37 socket 	OnCommand	–ü–æ–ª—É—á–µ–Ω–∞ –∫–æ–º–∞–Ω–¥–∞ GetListModels
2013-05-01 01:45:37 tGetServerListModels 	ExeCommand	 –ó–∞–ø—Ä–æ—Å —Å–ø–∏—Å–∫–∞ –º–æ–¥–µ–ª–µ–π —Å —Å–µ—Ä–≤–µ—Ä–∞ 
2013-05-01 01:45:37 socket 	ReadReport	Report: 11
2013-05-01 01:45:37 tReportGetListServerModels 	ExeCommand	 –ü–æ–ª—É—á–µ–Ω–∏–µ —Å–ø–∏—Å–∫–∞ –º–æ–¥–µ–ª–µ–π —Å —Å–µ—Ä–≤–µ—Ä–∞ 
2013-05-01 01:45:37 tConveyor 	OnCommand	–í—ã–ø–æ–ª–Ω–µ–Ω–∏–µ –∫–æ–º–∞–Ω–¥—ã –∏–∑ —Å–æ–∫–µ—Ç–∞ ReportGetListServerModels
2013-05-01 01:45:37 tClientGuiCommand 	GetListModels	 –û—Ç—á–µ—Ç –∑–∞–ø—Ä–æ—Å–∞ —Å–ø–∏—Å–∫–∞ –º–æ–¥–µ–ª–µ–π —Å —Å–µ—Ä–≤–µ—Ä–∞
2013-05-01 01:45:37 tDatabaseOp 	SaveServerModelFiles	–û–±–Ω–æ–≤–ª–µ–Ω–∏–µ —Å–µ—Ä–≤–µ—Ä–Ω—ã—Ö —Ç–∞–±–ª–∏—Ü –ø–æ –∏–Ω—Ñ–æ—Ä–º–∞—Ü–∏–∏ —Å —Å–µ—Ä–≤–µ—Ä–∞  
2013-05-01 01:45:38 tDatabaseOp 	RefreshModelsFiles	–û–±–Ω–æ–≤–ª–µ–Ω–∏–µ –ª–æ–∫–∞–ª—å–Ω—ã—Ö —Ç–∞–±–ª–∏—Ü –ø–æ —Ñ–∞–π–ª–∞–º –Ω–∞ –¥–∏—Å–∫–µ  
2013-05-01 01:45:49 tConveyor 	Clear	–°–±—Ä–æ—Å —Å–ø–∏—Å–∫–∞ –∫–æ–º–∞–Ω–¥ —Ç—Ä–∞–Ω–∑–∞–∫—Ü–∏–∏
2013-05-01 01:45:49 tModelsConveyor 	StartReceiveDeleteFiles	–§–æ—Ä–º–∏—Ä–æ–≤–∞–Ω–∏–µ —Å–ø–∏—Å–∫–∞ –∫–æ–º–∞–Ω–¥ —Ç—Ä–∞–Ω–∑–∞–∫—Ü–∏–∏ –ø—Ä–∏–µ–º–∞ –∏ —É–¥–∞–ª–µ–Ω–∏—è —Ñ–∞–π–ª–æ–≤ –Ω–∞ –∫–ª–∏–µ–Ω—Ç–µ
2013-05-01 01:45:49 tConveyor 	ClearTempFolder	–û—á–∏—Å—Ç–∫–∞ –≤—Ä–µ–º–µ–Ω–Ω–æ–π –ø–∞–ø–∫–∏
2013-05-01 01:45:49 tConveyor 	ReceiveFile	–ü–æ–¥–≥–æ—Ç–æ–≤–∫–∞ –∫–æ–º–∞–Ω–¥—ã –ø–æ–ª—É—á–µ–Ω–∏—è —Ñ–∞–π–ª–∞ objects/vhc_t-90/.t-90.info/Lighthouse - –∫–æ–ø–∏—è.jpg
2013-05-01 01:45:49 tConveyor 	ReceiveFile	–ü–æ–¥–≥–æ—Ç–æ–≤–∫–∞ –∫–æ–º–∞–Ω–¥—ã –ø–æ–ª—É—á–µ–Ω–∏—è —Ñ–∞–π–ª–∞ objects/vhc_t-90/.t-90.info/Lighthouse - –∫–æ–ø–∏—è - –∫–æ–ø–∏—è.jpg
2013-05-01 01:45:49 tConveyor 	AddStartTransaction	–î–æ–±–∞–≤–ª–µ–Ω–∏–µ –∫–æ–º–∞–Ω–¥—ã –Ω–∞—á–∞–ª–∞ —Ç—Ä–∞–Ω–∑–∞–∫—Ü–∏–∏ (–ø–æ–ª—É—á–µ–Ω–∏–µ) 
2013-05-01 01:45:49 tConveyor 	AddReceiveCommand	–î–æ–±–∞–≤–ª–µ–Ω–∏–µ –∫–æ–º–∞–Ω–¥—ã –ø–æ–ª—É—á–µ–Ω–∏—è —Ñ–∞–π–ª–æ–≤ PrepareReceiveFile –§–∞–π–ª objects/vhc_t-90/.t-90.info/Lighthouse - –∫–æ–ø–∏—è.jpg
2013-05-01 01:45:49 tConveyor 	AddReceiveCommand	–î–æ–±–∞–≤–ª–µ–Ω–∏–µ –∫–æ–º–∞–Ω–¥—ã –ø–æ–ª—É—á–µ–Ω–∏—è —Ñ–∞–π–ª–æ–≤ PrepareReceiveFile –§–∞–π–ª objects/vhc_t-90/.t-90.info/Lighthouse - –∫–æ–ø–∏—è - –∫–æ–ø–∏—è.jpg
2013-05-01 01:45:49 tConveyor 	AddCommitTransaction	–§–æ—Ä–º–∏—Ä–æ–≤–∞–Ω–∏–µ –∫–æ–º–∞–Ω–¥—ã –∫–æ–º–º–∏—Ç–∞ —Ç—Ä–∞–Ω–∑–∞–∫—Ü–∏–∏ –æ—Ç–ø—Ä–∞–≤–∫–∏ CommitTransaction
2013-05-01 01:45:49 tConveyor 	AddCommitTransaction	–§–æ—Ä–º–∏—Ä–æ–≤–∞–Ω–∏–µ –∫–æ–º–∞–Ω–¥—ã –∫–æ–º–º–∏—Ç–∞ —Ç—Ä–∞–Ω–∑–∞–∫—Ü–∏–∏ –ø–æ–ª—É—á–µ–Ω–∏—è VerifyMoveDelete
2013-05-01 01:45:49 tConveyor 	AddCommitTransaction	–ö–æ–º–∞–Ω–¥–∞ –æ–±–Ω–æ–≤–ª–µ–Ω–∏—è –ª–æ–∫–∞–ª—å–Ω—ã—Ö —Ç–∞–±–ª–∏—Ü UpdateMainLocal
2013-05-01 01:45:49 tConveyor 	StartExecution	–ù–∞—á–∞–ª–æ –≤—ã–ø–æ–ª–Ω–µ–Ω–∏—è —Å–ø–∏—Å–∫–∞ –∫–æ–º–∞–Ω–¥ 
2013-05-01 01:45:49 tConveyor 	NextCommand	–°–ª–µ–¥—É—é—â–∞—è –∫–æ–º–∞–Ω–¥–∞ —Å–ø–∏—Å–∫–∞ –∫–æ–º–∞–Ω–¥
2013-05-01 01:45:49 tConveyor 	OnCommand	–í—ã–ø–æ–ª–Ω–µ–Ω–∏–µ –∫–æ–º–∞–Ω–¥—ã –∏–∑ GUI StartTransaction
2013-05-01 01:45:49 tClientGuiCommand 	GuiStartTransaction	–ù–ê–ß–ê–õ–û –¢–†–ê–ù–ó–ê–ö–¶–?–? 
2013-05-01 01:45:49 socket 	OnCommand	–ü–æ–ª—É—á–µ–Ω–∞ –∫–æ–º–∞–Ω–¥–∞ StartTransaction
2013-05-01 01:45:49 tStreamStartTransactionn 	ExeCommand	 –ü–µ—Ä–µ–¥–∞—á–∞ –∫–æ–º–∞–Ω–¥—ã –Ω–∞—á–∞–ª–∞ —Ç—Ä–∞–Ω–∑–∞–∫—Ü–∏–∏ 
2013-05-01 01:45:49 socket 	ReadReport	Report: 6
2013-05-01 01:45:49 tStreamReportStartTransaction 	ExeCommand	 –¢—Ä–∞–Ω–∑–∞–∫—Ü–∏—è –Ω–∞—á–∞—Ç–∞ —É—Å–ø–µ—à–Ω–æ 
2013-05-01 01:45:49 tConveyor 	OnCommand	–í—ã–ø–æ–ª–Ω–µ–Ω–∏–µ –∫–æ–º–∞–Ω–¥—ã –∏–∑ —Å–æ–∫–µ—Ç–∞ ReportStartTransaction
2013-05-01 01:45:49 tClientGuiCommand 	GuiReportStartTransaction	–û—Ç—á–µ—Ç –æ –Ω–∞—á–∞–ª–µ —Ç—Ä–∞–Ω–∑–∞–∫—Ü–∏–∏ 
2013-05-01 01:45:49 tConveyor 	NextCommand	–°–ª–µ–¥—É—é—â–∞—è –∫–æ–º–∞–Ω–¥–∞ —Å–ø–∏—Å–∫–∞ –∫–æ–º–∞–Ω–¥
2013-05-01 01:45:49 tConveyor 	OnCommand	–í—ã–ø–æ–ª–Ω–µ–Ω–∏–µ –∫–æ–º–∞–Ω–¥—ã –∏–∑ GUI PrepareReceiveFile
2013-05-01 01:45:49 tClientGuiCommand 	GuiPrepareReceiveFile	–ü–æ–¥–≥–æ—Ç–æ–≤–∫–∞ –∫ –ø—Ä–∏–µ–º—É —Ñ–∞–π–ª–∞ objects/vhc_t-90/.t-90.info/Lighthouse - –∫–æ–ø–∏—è.jpg
2013-05-01 01:45:49 socket 	OnCommand	–ü–æ–ª—É—á–µ–Ω–∞ –∫–æ–º–∞–Ω–¥–∞ PrepareReceiveFile
2013-05-01 01:45:49 tPrepareReceiveFile 	ExeCommand	 –û—Ç–ø—Ä–∞–≤–ª–µ–Ω–∏–µ –∫–æ–º–∞–Ω–¥—ã –ø—Ä–∏–µ–º–∞ —Ñ–∞–π–ª–∞ –Ω–∞ —Å–µ—Ä–≤–µ—Ä 
2013-05-01 01:45:49 socket 	ReadReport	Report: 1
2013-05-01 01:45:49 tStreamReceiveFile 	ExeCommand	 –ü—Ä–∏–µ–º —Ñ–∞–π–ª–∞ objects/vhc_t-90/.t-90.info/Lighthouse - –∫–æ–ø–∏—è.jpg –∑–∞–≤–µ—Ä—à–µ–Ω
2013-05-01 01:45:49 tConveyor 	OnCommand	–í—ã–ø–æ–ª–Ω–µ–Ω–∏–µ –∫–æ–º–∞–Ω–¥—ã –∏–∑ —Å–æ–∫–µ—Ç–∞ ReceiveReport
2013-05-01 01:45:49 tClientGuiCommand 	GuiReportReceiveFile	–û—Ç—á–µ—Ç –æ –ø—Ä–∏–µ–º–µ —Ñ–∞–π–ª–∞ D:/Temp/objects/vhc_t-90/.t-90.info/Lighthouse - –∫–æ–ø–∏—è.jpg
2013-05-01 01:45:49 tConveyor 	NextCommand	–°–ª–µ–¥—É—é—â–∞—è –∫–æ–º–∞–Ω–¥–∞ —Å–ø–∏—Å–∫–∞ –∫–æ–º–∞–Ω–¥
2013-05-01 01:45:49 tConveyor 	OnCommand	–í—ã–ø–æ–ª–Ω–µ–Ω–∏–µ –∫–æ–º–∞–Ω–¥—ã –∏–∑ GUI PrepareReceiveFile
2013-05-01 01:45:49 tClientGuiCommand 	GuiPrepareReceiveFile	–ü–æ–¥–≥–æ—Ç–æ–≤–∫–∞ –∫ –ø—Ä–∏–µ–º—É —Ñ–∞–π–ª–∞ objects/vhc_t-90/.t-90.info/Lighthouse - –∫–æ–ø–∏—è - –∫–æ–ø–∏—è.jpg
2013-05-01 01:45:49 socket 	OnCommand	–ü–æ–ª—É—á–µ–Ω–∞ –∫–æ–º–∞–Ω–¥–∞ PrepareReceiveFile
2013-05-01 01:45:49 tPrepareReceiveFile 	ExeCommand	 –û—Ç–ø—Ä–∞–≤–ª–µ–Ω–∏–µ –∫–æ–º–∞–Ω–¥—ã –ø—Ä–∏–µ–º–∞ —Ñ–∞–π–ª–∞ –Ω–∞ —Å–µ—Ä–≤–µ—Ä 
2013-05-01 01:45:49 socket 	ReadReport	Report: 1
2013-05-01 01:45:49 tStreamReceiveFile 	ExeCommand	 –ü—Ä–∏–µ–º —Ñ–∞–π–ª–∞ objects/vhc_t-90/.t-90.info/Lighthouse - –∫–æ–ø–∏—è - –∫–æ–ø–∏—è.jpg –∑–∞–≤–µ—Ä—à–µ–Ω
2013-05-01 01:45:49 tConveyor 	OnCommand	–í—ã–ø–æ–ª–Ω–µ–Ω–∏–µ –∫–æ–º–∞–Ω–¥—ã –∏–∑ —Å–æ–∫–µ—Ç–∞ ReceiveReport
2013-05-01 01:45:49 tClientGuiCommand 	GuiReportReceiveFile	–û—Ç—á–µ—Ç –æ –ø—Ä–∏–µ–º–µ —Ñ–∞–π–ª–∞ D:/Temp/objects/vhc_t-90/.t-90.info/Lighthouse - –∫–æ–ø–∏—è - –∫–æ–ø–∏—è.jpg
2013-05-01 01:45:49 tConveyor 	NextCommand	–°–ª–µ–¥—É—é—â–∞—è –∫–æ–º–∞–Ω–¥–∞ —Å–ø–∏—Å–∫–∞ –∫–æ–º–∞–Ω–¥
2013-05-01 01:45:49 tConveyor 	OnCommand	–í—ã–ø–æ–ª–Ω–µ–Ω–∏–µ –∫–æ–º–∞–Ω–¥—ã –∏–∑ GUI CommitTransaction
2013-05-01 01:45:49 tClientGuiCommand 	GuiCommitTransaction	–ö–æ–º–º–∏—Ç —Ç—Ä–∞–Ω–∑–∞–∫—Ü–∏–∏ 
2013-05-01 01:45:49 socket 	OnCommand	–ü–æ–ª—É—á–µ–Ω–∞ –∫–æ–º–∞–Ω–¥–∞ CommitTransaction
2013-05-01 01:45:49 tStreamCommitTransaction 	ExeCommand	 –û—Ç–ø—Ä–∞–≤–∫–∞ –∫–æ–º–∞–Ω–¥—ã –∫–æ–º–º–∏—Ç–∞ —Ç—Ä–∞–Ω–∑–∞–∫—Ü–∏–∏ 
2013-05-01 01:45:49 socket 	ReadReport	Report: 7
2013-05-01 01:45:49 tStreamReportCommitTransaction 	ExeCommand	 –ö–æ–º–º–∏—Ç –∑–∞–≤–µ—Ä—à–∏–ª—Å—è —É—Å–ø–µ—à–Ω–æ 
2013-05-01 01:45:49 tConveyor 	OnCommand	–í—ã–ø–æ–ª–Ω–µ–Ω–∏–µ –∫–æ–º–∞–Ω–¥—ã –∏–∑ —Å–æ–∫–µ—Ç–∞ ReportCommitTransaction
2013-05-01 01:45:49 tClientGuiCommand 	GuiCommitTransaction	–æ—Ç—á–µ—Ç –æ –∫–æ–º–º–∏—Ç–µ —Ç—Ä–∞–Ω–∑–∞–∫—Ü–∏–∏ 
2013-05-01 01:45:49 tConveyor 	NextCommand	–°–ª–µ–¥—É—é—â–∞—è –∫–æ–º–∞–Ω–¥–∞ —Å–ø–∏—Å–∫–∞ –∫–æ–º–∞–Ω–¥
2013-05-01 01:45:49 tConveyor 	OnCommand	–í—ã–ø–æ–ª–Ω–µ–Ω–∏–µ –∫–æ–º–∞–Ω–¥—ã –∏–∑ GUI VerifyMoveDelete
2013-05-01 01:45:49 tClientGuiCommand 	VerifyMoveDelete	 –ö–æ–º–∞–Ω–¥–∞ –ø—Ä–æ–≤–µ—Ä–∫–∏, –∑–∞–º–µ–Ω—ã –∏ —É–¥–∞–ª–µ–Ω–∏—è –ª–æ–∫–∞–ª—å–Ω—ã—Ö —Ñ–∞–π–ª–æ–≤
2013-05-01 01:45:59 tDatabaseOp 	PrepareUpdateLastSynch	–ù–ê–ß–ê–õ–û –ü–û–î–ì–û–¢–û–í–ö–? –û–ë–ù–û–í–õ–ï–ù–?–Ø LAST 
2013-05-01 01:46:00 tDatabaseOp 	UpdateLastSynch	–û–±–Ω–æ–≤–ª–µ–Ω–∏–µ Last —Ç–∞–±–ª–∏—Ü –ø–æ –ª–æ–∫–∞–ª—å–Ω—ã–º —Ç–∞–±–ª–∏—Ü–∞–º  
2013-05-01 01:46:03 tDatabaseOp 	UpdateLastSynch	–û–±–Ω–æ–≤–ª–µ–Ω–∏–µ Last —Ç–∞–±–ª–∏—Ü –ø–æ –ª–æ–∫–∞–ª—å–Ω—ã–º —Ç–∞–±–ª–∏—Ü–∞–º  
2013-05-01 01:46:12 tDatabaseOp 	UpdateLastSynch	–û–±–Ω–æ–≤–ª–µ–Ω–∏–µ Last —Ç–∞–±–ª–∏—Ü –ø–æ –ª–æ–∫–∞–ª—å–Ω—ã–º —Ç–∞–±–ª–∏—Ü–∞–º  
2013-05-01 01:46:21 tConveyor 	NextCommand	–°–ª–µ–¥—É—é—â–∞—è –∫–æ–º–∞–Ω–¥–∞ —Å–ø–∏—Å–∫–∞ –∫–æ–º–∞–Ω–¥
2013-05-01 01:46:21 tConveyor 	OnCommand	–í—ã–ø–æ–ª–Ω–µ–Ω–∏–µ –∫–æ–º–∞–Ω–¥—ã –∏–∑ GUI UpdateMainLocal
2013-05-01 01:46:21 tClientGuiCommand 	UpdateMainLocal	 –û–±–Ω–æ–≤–ª–µ–Ω–∏–µ –ª–æ–∫–∞–ª—å–Ω—ã—Ö –∏ Last —Ç–∞–±–ª–∏—Ü 
2013-05-01 01:46:21 tDatabaseOp 	RefreshModelsFiles	–û–±–Ω–æ–≤–ª–µ–Ω–∏–µ –ª–æ–∫–∞–ª—å–Ω—ã—Ö —Ç–∞–±–ª–∏—Ü –ø–æ —Ñ–∞–π–ª–∞–º –Ω–∞ –¥–∏—Å–∫–µ  
2013-05-01 01:46:22 tConveyor 	NextCommand	–ö–æ–Ω–µ—Ü —Å–ø–∏—Å–∫–∞ –∫–æ–º–∞–Ω–¥ 
2013-05-01 01:46:22 tConveyor 	ClearTempFolder	–û—á–∏—Å—Ç–∫–∞ –≤—Ä–µ–º–µ–Ω–Ω–æ–π –ø–∞–ø–∫–∏
2013-05-01 01:46:22 tConveyor 	ClearTempFolder	–û—á–∏—Å—Ç–∫–∞ –≤—Ä–µ–º–µ–Ω–Ω–æ–π –ø–∞–ø–∫–∏
2013-05-01 01:46:22 tConveyor 	Clear	–°–±—Ä–æ—Å —Å–ø–∏—Å–∫–∞ –∫–æ–º–∞–Ω–¥ —Ç—Ä–∞–Ω–∑–∞–∫—Ü–∏–∏
2013-05-01 01:46:22 tModelsConveyor 	StartReceiveDeleteFiles	–§–æ—Ä–º–∏—Ä–æ–≤–∞–Ω–∏–µ —Å–ø–∏—Å–∫–∞ –∫–æ–º–∞–Ω–¥ —Ç—Ä–∞–Ω–∑–∞–∫—Ü–∏–∏ –ø—Ä–∏–µ–º–∞ –∏ —É–¥–∞–ª–µ–Ω–∏—è —Ñ–∞–π–ª–æ–≤ –Ω–∞ –∫–ª–∏–µ–Ω—Ç–µ
2013-05-01 01:46:22 tConveyor 	ClearTempFolder	–û—á–∏—Å—Ç–∫–∞ –≤—Ä–µ–º–µ–Ω–Ω–æ–π –ø–∞–ø–∫–∏
2013-05-01 01:46:22 tModelsConveyor 	StartReceiveDeleteFiles	–í—Å–µ –º–æ–¥–µ–ª–∏ –ø—Ä–∏–Ω—è—Ç—ã
2013-05-01 01:46:22 tDatabaseOp 	RefreshModelsFiles	–û–±–Ω–æ–≤–ª–µ–Ω–∏–µ –ª–æ–∫–∞–ª—å–Ω—ã—Ö —Ç–∞–±–ª–∏—Ü –ø–æ —Ñ–∞–π–ª–∞–º –Ω–∞ –¥–∏—Å–∫–µ  
2013-05-01 01:46:26 tDatabaseOp 	UpdateLastSynch	–û–±–Ω–æ–≤–ª–µ–Ω–∏–µ Last —Ç–∞–±–ª–∏—Ü –ø–æ –ª–æ–∫–∞–ª—å–Ω—ã–º —Ç–∞–±–ª–∏—Ü–∞–º  
2013-05-01 01:46:41 tDatabaseOp 	UpdateLastSynch	–û–±–Ω–æ–≤–ª–µ–Ω–∏–µ Last —Ç–∞–±–ª–∏—Ü –ø–æ –ª–æ–∫–∞–ª—å–Ω—ã–º —Ç–∞–±–ª–∏—Ü–∞–º  
2013-05-01 01:47:47 tDatabaseOp 	PrepareUpdateLastSynch	–û–ö–û–ù–ß–ê–ù–?–ï –û–ë–ù–û–í–õ–ï–ù–?–Ø LAST 
2013-05-01 01:48:03 –ü–∞–∫–µ—Ç —Ç—Ä–∞–Ω–∑–∞–∫—Ü–∏–π –≤—ã–ø–æ–ª–Ω–µ–Ω
2013-05-01 01:48:42 tConveyor 	Clear	–°–±—Ä–æ—Å —Å–ø–∏—Å–∫–∞ –∫–æ–º–∞–Ω–¥ —Ç—Ä–∞–Ω–∑–∞–∫—Ü–∏–∏
2013-05-01 01:48:43 tModelsConveyor 	StartReceiveDeleteFiles	–§–æ—Ä–º–∏—Ä–æ–≤–∞–Ω–∏–µ —Å–ø–∏—Å–∫–∞ –∫–æ–º–∞–Ω–¥ —Ç—Ä–∞–Ω–∑–∞–∫—Ü–∏–∏ –ø—Ä–∏–µ–º–∞ –∏ —É–¥–∞–ª–µ–Ω–∏—è —Ñ–∞–π–ª–æ–≤ –Ω–∞ –∫–ª–∏–µ–Ω—Ç–µ
2013-05-01 01:48:43 tConveyor 	ClearTempFolder	–û—á–∏—Å—Ç–∫–∞ –≤—Ä–µ–º–µ–Ω–Ω–æ–π –ø–∞–ø–∫–∏
2013-05-01 01:48:43 tConveyor 	DeletingFile	–ü–æ–¥–≥–æ—Ç–æ–≤–∫–∞ –∫–æ–º–∞–Ω–¥—ã —É–¥–∞–ª–µ–Ω–∏—è —Ñ–∞–π–ª–∞ –Ω–∞ –∫–ª–∏–µ–Ω—Ç–µ objects/vhc_t-90/.t-90.info/Lighthouse - ÍÓÔËˇ - ÍÓÔËˇ.jpg
2013-05-01 01:48:43 tConveyor 	DeletingFile	–ü–æ–¥–≥–æ—Ç–æ–≤–∫–∞ –∫–æ–º–∞–Ω–¥—ã —É–¥–∞–ª–µ–Ω–∏—è —Ñ–∞–π–ª–∞ –Ω–∞ –∫–ª–∏–µ–Ω—Ç–µ objects/vhc_t-90/.t-90.info/Lighthouse - ÍÓÔËˇ.jpg
2013-05-01 01:48:43 tConveyor 	AddStartTransaction	–î–æ–±–∞–≤–ª–µ–Ω–∏–µ –∫–æ–º–∞–Ω–¥—ã –Ω–∞—á–∞–ª–∞ —Ç—Ä–∞–Ω–∑–∞–∫—Ü–∏–∏ (–ø–æ–ª—É—á–µ–Ω–∏–µ) 
2013-05-01 01:48:43 tConveyor 	AddCommitTransaction	–§–æ—Ä–º–∏—Ä–æ–≤–∞–Ω–∏–µ –∫–æ–º–∞–Ω–¥—ã –∫–æ–º–º–∏—Ç–∞ —Ç—Ä–∞–Ω–∑–∞–∫—Ü–∏–∏ –ø–æ–ª—É—á–µ–Ω–∏—è VerifyMoveDelete
2013-05-01 01:48:43 tConveyor 	AddCommitTransaction	–ö–æ–º–∞–Ω–¥–∞ –æ–±–Ω–æ–≤–ª–µ–Ω–∏—è –ª–æ–∫–∞–ª—å–Ω—ã—Ö —Ç–∞–±–ª–∏—Ü UpdateMainLocal
2013-05-01 01:48:43 tConveyor 	StartExecution	–ù–∞—á–∞–ª–æ –≤—ã–ø–æ–ª–Ω–µ–Ω–∏—è —Å–ø–∏—Å–∫–∞ –∫–æ–º–∞–Ω–¥ 
2013-05-01 01:48:43 tConveyor 	NextCommand	–°–ª–µ–¥—É—é—â–∞—è –∫–æ–º–∞–Ω–¥–∞ —Å–ø–∏—Å–∫–∞ –∫–æ–º–∞–Ω–¥
2013-05-01 01:48:43 tConveyor 	OnCommand	–í—ã–ø–æ–ª–Ω–µ–Ω–∏–µ –∫–æ–º–∞–Ω–¥—ã –∏–∑ GUI VerifyMoveDelete
2013-05-01 01:48:43 tClientGuiCommand 	VerifyMoveDelete	 –ö–æ–º–∞–Ω–¥–∞ –ø—Ä–æ–≤–µ—Ä–∫–∏, –∑–∞–º–µ–Ω—ã –∏ —É–¥–∞–ª–µ–Ω–∏—è –ª–æ–∫–∞–ª—å–Ω—ã—Ö —Ñ–∞–π–ª–æ–≤
2013-05-01 01:48:49 tDatabaseOp 	PrepareUpdateLastSynch	–ù–ê–ß–ê–õ–û –ü–û–î–ì–û–¢–û–í–ö–? –û–ë–ù–û–í–õ–ï–ù–?–Ø LAST 
2013-05-01 01:48:49 tDatabaseOp 	UpdateLastSynch	–û–±–Ω–æ–≤–ª–µ–Ω–∏–µ Last —Ç–∞–±–ª–∏—Ü –ø–æ –ª–æ–∫–∞–ª—å–Ω—ã–º —Ç–∞–±–ª–∏—Ü–∞–º  
2013-05-01 01:49:14 tDatabaseOp 	UpdateLastSynch	–û–±–Ω–æ–≤–ª–µ–Ω–∏–µ Last —Ç–∞–±–ª–∏—Ü –ø–æ –ª–æ–∫–∞–ª—å–Ω—ã–º —Ç–∞–±–ª–∏—Ü–∞–º  
2013-05-01 01:49:29 tDatabaseOp 	UpdateLastSynch	–û–±–Ω–æ–≤–ª–µ–Ω–∏–µ Last —Ç–∞–±–ª–∏—Ü –ø–æ –ª–æ–∫–∞–ª—å–Ω—ã–º —Ç–∞–±–ª–∏—Ü–∞–º  
2013-05-01 01:49:55 tConveyor 	NextCommand	–°–ª–µ–¥—É—é—â–∞—è –∫–æ–º–∞–Ω–¥–∞ —Å–ø–∏—Å–∫–∞ –∫–æ–º–∞–Ω–¥
2013-05-01 01:49:55 tConveyor 	OnCommand	–í—ã–ø–æ–ª–Ω–µ–Ω–∏–µ –∫–æ–º–∞–Ω–¥—ã –∏–∑ GUI UpdateMainLocal
2013-05-01 01:49:55 tClientGuiCommand 	UpdateMainLocal	 –û–±–Ω–æ–≤–ª–µ–Ω–∏–µ –ª–æ–∫–∞–ª—å–Ω—ã—Ö –∏ Last —Ç–∞–±–ª–∏—Ü 
2013-05-01 01:49:55 tDatabaseOp 	RefreshModelsFiles	–û–±–Ω–æ–≤–ª–µ–Ω–∏–µ –ª–æ–∫–∞–ª—å–Ω—ã—Ö —Ç–∞–±–ª–∏—Ü –ø–æ —Ñ–∞–π–ª–∞–º –Ω–∞ –¥–∏—Å–∫–µ  
2013-05-01 01:49:55 tConveyor 	NextCommand	–ö–æ–Ω–µ—Ü —Å–ø–∏—Å–∫–∞ –∫–æ–º–∞–Ω–¥ 
2013-05-01 01:49:55 tConveyor 	ClearTempFolder	–û—á–∏—Å—Ç–∫–∞ –≤—Ä–µ–º–µ–Ω–Ω–æ–π –ø–∞–ø–∫–∏
2013-05-01 01:49:55 tConveyor 	ClearTempFolder	–û—á–∏—Å—Ç–∫–∞ –≤—Ä–µ–º–µ–Ω–Ω–æ–π –ø–∞–ø–∫–∏
2013-05-01 01:49:55 tConveyor 	Clear	–°–±—Ä–æ—Å —Å–ø–∏—Å–∫–∞ –∫–æ–º–∞–Ω–¥ —Ç—Ä–∞–Ω–∑–∞–∫—Ü–∏–∏
2013-05-01 01:49:55 tModelsConveyor 	StartReceiveDeleteFiles	–§–æ—Ä–º–∏—Ä–æ–≤–∞–Ω–∏–µ —Å–ø–∏—Å–∫–∞ –∫–æ–º–∞–Ω–¥ —Ç—Ä–∞–Ω–∑–∞–∫—Ü–∏–∏ –ø—Ä–∏–µ–º–∞ –∏ —É–¥–∞–ª–µ–Ω–∏—è —Ñ–∞–π–ª–æ–≤ –Ω–∞ –∫–ª–∏–µ–Ω—Ç–µ
2013-05-01 01:49:55 tConveyor 	ClearTempFolder	–û—á–∏—Å—Ç–∫–∞ –≤—Ä–µ–º–µ–Ω–Ω–æ–π –ø–∞–ø–∫–∏
2013-05-01 01:49:55 tModelsConveyor 	StartReceiveDeleteFiles	–í—Å–µ –º–æ–¥–µ–ª–∏ –ø—Ä–∏–Ω—è—Ç—ã
2013-05-01 01:49:55 tDatabaseOp 	RefreshModelsFiles	–û–±–Ω–æ–≤–ª–µ–Ω–∏–µ –ª–æ–∫–∞–ª—å–Ω—ã—Ö —Ç–∞–±–ª–∏—Ü –ø–æ —Ñ–∞–π–ª–∞–º –Ω–∞ –¥–∏—Å–∫–µ  
2013-05-01 01:50:00 tDatabaseOp 	UpdateLastSynch	–û–±–Ω–æ–≤–ª–µ–Ω–∏–µ Last —Ç–∞–±–ª–∏—Ü –ø–æ –ª–æ–∫–∞–ª—å–Ω—ã–º —Ç–∞–±–ª–∏—Ü–∞–º  
2013-05-01 01:50:08 tDatabaseOp 	UpdateLastSynch	–û–±–Ω–æ–≤–ª–µ–Ω–∏–µ Last —Ç–∞–±–ª–∏—Ü –ø–æ –ª–æ–∫–∞–ª—å–Ω—ã–º —Ç–∞–±–ª–∏—Ü–∞–º  
2013-05-01 01:50:15 tDatabaseOp 	UpdateLastSynch	–û–±–Ω–æ–≤–ª–µ–Ω–∏–µ Last —Ç–∞–±–ª–∏—Ü –ø–æ –ª–æ–∫–∞–ª—å–Ω—ã–º —Ç–∞–±–ª–∏—Ü–∞–º  
2013-05-01 01:50:38 tDatabaseOp 	UpdateLastSynch	–û–±–Ω–æ–≤–ª–µ–Ω–∏–µ Last —Ç–∞–±–ª–∏—Ü –ø–æ –ª–æ–∫–∞–ª—å–Ω—ã–º —Ç–∞–±–ª–∏—Ü–∞–º  
2013-05-01 01:50:38 tDatabaseOp 	PrepareUpdateLastSynch	–û–ö–û–ù–ß–ê–ù–?–ï –û–ë–ù–û–í–õ–ï–ù–?–Ø LAST 
2013-05-01 01:50:40 –ü–∞–∫–µ—Ç —Ç—Ä–∞–Ω–∑–∞–∫—Ü–∏–π –≤—ã–ø–æ–ª–Ω–µ–Ω
----------------------------------------------------
2013-05-01 01:53:00 tSettings 	SetFilePath	Read parameters 
2013-05-01 01:53:00 tSettings 	sync	Save parameters 
2013-05-01 01:53:00 tDatabaseOp 	DatabaseOp	–ü–æ–¥–∫–ª—é—á–µ–Ω–∏–µ –±–∞–∑—ã –¥–∞–Ω–Ω—ã—Ö  
2013-05-01 01:53:00 tDatabaseOp 	RefreshModelsFiles	–û–±–Ω–æ–≤–ª–µ–Ω–∏–µ –ª–æ–∫–∞–ª—å–Ω—ã—Ö —Ç–∞–±–ª–∏—Ü –ø–æ —Ñ–∞–π–ª–∞–º –Ω–∞ –¥–∏—Å–∫–µ  
2013-05-01 01:53:02 –ù–∞—á–∞–ª–æ —Ä–∞–±–æ—Ç—ã –∫–ª–∏–µ–Ω—Ç–∞
2013-05-01 01:53:02 socket 	Initialize	–°–æ–∑–¥–∞–Ω–∏–µ —Å–æ–∫–µ—Ç–∞ 
2013-05-01 01:53:02 Zast 	FindServer	–ù–∞—á–∞–ª–æ –ø–æ–∏—Å–∫–∞ —Å–µ—Ä–≤–µ—Ä–∞ 
2013-05-01 01:53:02 socket 	ReadReport	Report: 3
2013-05-01 01:53:02 tConnectConfirmReport 	ExeCommand	 –ü–æ–¥—Ç–≤–µ—Ä–∂–¥–µ–Ω–∏–µ —Å–æ–µ–¥–∏–Ω–µ–Ω–∏—è 
2013-05-01 01:53:02 tConveyor 	OnCommand	–í—ã–ø–æ–ª–Ω–µ–Ω–∏–µ –∫–æ–º–∞–Ω–¥—ã –∏–∑ —Å–æ–∫–µ—Ç–∞ ConnectConfirmReport
2013-05-01 01:53:02 tClientGuiCommand 	GuiConnectConfirmReport	–ü–æ–¥–∫–ª—é—á–µ–Ω–∏–µ —Ä–∞–∑—Ä–µ—à–µ–Ω–æ
2013-05-01 01:53:02 Zast 	AutorizStart	–°–µ—Ä–≤–µ—Ä –Ω–∞–π–¥–µ–Ω 
2013-05-01 01:53:07 –û—Ç–ø—Ä–∞–≤–∫–∞ –∞–≤—Ç–æ—Ä–∏–∑–∞—Ü–∏–∏ –õ–æ–≥–∏–Ω: 1
2013-05-01 01:53:07 tConveyor 	OnCommand	–í—ã–ø–æ–ª–Ω–µ–Ω–∏–µ –∫–æ–º–∞–Ω–¥—ã –∏–∑ GUI SendAutorization
2013-05-01 01:53:07 tClientGuiCommand 	GuiSendAutorization	–û—Ç–ø—Ä–∞–≤–∫–∞ –ª–æ–≥–∏–Ω–∞ –∏ –ø–∞—Ä–æ–ª—è –õ–æ–≥–∏–Ω: 1
2013-05-01 01:53:07 socket 	OnCommand	–ü–æ–ª—É—á–µ–Ω–∞ –∫–æ–º–∞–Ω–¥–∞ SendAutorization
2013-05-01 01:53:07 tStreamSendAutorization 	ExeCommand	 –û—Ç–ø—Ä–∞–≤–∫–∞ –∞–≤—Ç–æ—Ä–∏–∑–∞—Ü–∏–∏  1
2013-05-01 01:53:07 socket 	ReadReport	Report: 5
2013-05-01 01:53:07 tStreamReportAutorization 	ExeCommand	 –ê–≤—Ç–æ—Ä–∏–∑–∞—Ü–∏—è —É—Å–ø–µ—à–Ω–∞ 
2013-05-01 01:53:07 tConveyor 	OnCommand	–í—ã–ø–æ–ª–Ω–µ–Ω–∏–µ –∫–æ–º–∞–Ω–¥—ã –∏–∑ —Å–æ–∫–µ—Ç–∞ ReportAutorization
2013-05-01 01:53:07 tClientGuiCommand 	GuiReportAutorization	–û—Ç—á–µ—Ç –æ–± –∞–≤—Ç–æ—Ä–∏–∑–∞—Ü–∏–∏. –ê–≤—Ç–æ—Ä–∏–∑–∞—Ü–∏—è –ø—Ä–∏–Ω—è—Ç–∞ 
2013-05-01 01:53:08 tConveyor 	OnCommand	–í—ã–ø–æ–ª–Ω–µ–Ω–∏–µ –∫–æ–º–∞–Ω–¥—ã –∏–∑ GUI GetListModels
2013-05-01 01:53:08 tClientGuiCommand 	GetListModels	 –ó–∞–ø—Ä–æ—Å —Å–ø–∏—Å–∫–∞ –º–æ–¥–µ–ª–µ–π —Å —Å–µ—Ä–≤–µ—Ä–∞
2013-05-01 01:53:08 socket 	OnCommand	–ü–æ–ª—É—á–µ–Ω–∞ –∫–æ–º–∞–Ω–¥–∞ GetListModels
2013-05-01 01:53:08 tGetServerListModels 	ExeCommand	 –ó–∞–ø—Ä–æ—Å —Å–ø–∏—Å–∫–∞ –º–æ–¥–µ–ª–µ–π —Å —Å–µ—Ä–≤–µ—Ä–∞ 
2013-05-01 01:53:08 socket 	ReadReport	Report: 11
2013-05-01 01:53:08 tReportGetListServerModels 	ExeCommand	 –ü–æ–ª—É—á–µ–Ω–∏–µ —Å–ø–∏—Å–∫–∞ –º–æ–¥–µ–ª–µ–π —Å —Å–µ—Ä–≤–µ—Ä–∞ 
2013-05-01 01:53:08 tConveyor 	OnCommand	–í—ã–ø–æ–ª–Ω–µ–Ω–∏–µ –∫–æ–º–∞–Ω–¥—ã –∏–∑ —Å–æ–∫–µ—Ç–∞ ReportGetListServerModels
2013-05-01 01:53:08 tClientGuiCommand 	GetListModels	 –û—Ç—á–µ—Ç –∑–∞–ø—Ä–æ—Å–∞ —Å–ø–∏—Å–∫–∞ –º–æ–¥–µ–ª–µ–π —Å —Å–µ—Ä–≤–µ—Ä–∞
2013-05-01 01:53:08 tDatabaseOp 	SaveServerModelFiles	–û–±–Ω–æ–≤–ª–µ–Ω–∏–µ —Å–µ—Ä–≤–µ—Ä–Ω—ã—Ö —Ç–∞–±–ª–∏—Ü –ø–æ –∏–Ω—Ñ–æ—Ä–º–∞—Ü–∏–∏ —Å —Å–µ—Ä–≤–µ—Ä–∞  
2013-05-01 01:53:10 tDatabaseOp 	RefreshModelsFiles	–û–±–Ω–æ–≤–ª–µ–Ω–∏–µ –ª–æ–∫–∞–ª—å–Ω—ã—Ö —Ç–∞–±–ª–∏—Ü –ø–æ —Ñ–∞–π–ª–∞–º –Ω–∞ –¥–∏—Å–∫–µ  
2013-05-01 01:53:19 tConveyor 	Clear	–°–±—Ä–æ—Å —Å–ø–∏—Å–∫–∞ –∫–æ–º–∞–Ω–¥ —Ç—Ä–∞–Ω–∑–∞–∫—Ü–∏–∏
2013-05-01 01:53:20 tModelsConveyor 	StartReceiveDeleteFiles	–§–æ—Ä–º–∏—Ä–æ–≤–∞–Ω–∏–µ —Å–ø–∏—Å–∫–∞ –∫–æ–º–∞–Ω–¥ —Ç—Ä–∞–Ω–∑–∞–∫—Ü–∏–∏ –ø—Ä–∏–µ–º–∞ –∏ —É–¥–∞–ª–µ–Ω–∏—è —Ñ–∞–π–ª–æ–≤ –Ω–∞ –∫–ª–∏–µ–Ω—Ç–µ
2013-05-01 01:53:20 tConveyor 	ClearTempFolder	–û—á–∏—Å—Ç–∫–∞ –≤—Ä–µ–º–µ–Ω–Ω–æ–π –ø–∞–ø–∫–∏
2013-05-01 01:53:20 tConveyor 	ReceiveFile	–ü–æ–¥–≥–æ—Ç–æ–≤–∫–∞ –∫–æ–º–∞–Ω–¥—ã –ø–æ–ª—É—á–µ–Ω–∏—è —Ñ–∞–π–ª–∞ objects/vhc_t-90/.t-90.info/Lighthouse - –∫–æ–ø–∏—è.jpg
2013-05-01 01:53:20 tConveyor 	ReceiveFile	–ü–æ–¥–≥–æ—Ç–æ–≤–∫–∞ –∫–æ–º–∞–Ω–¥—ã –ø–æ–ª—É—á–µ–Ω–∏—è —Ñ–∞–π–ª–∞ objects/vhc_t-90/.t-90.info/Lighthouse - –∫–æ–ø–∏—è - –∫–æ–ø–∏—è.jpg
2013-05-01 01:53:20 tConveyor 	AddStartTransaction	–î–æ–±–∞–≤–ª–µ–Ω–∏–µ –∫–æ–º–∞–Ω–¥—ã –Ω–∞—á–∞–ª–∞ —Ç—Ä–∞–Ω–∑–∞–∫—Ü–∏–∏ (–ø–æ–ª—É—á–µ–Ω–∏–µ) 
2013-05-01 01:53:20 tConveyor 	AddReceiveCommand	–î–æ–±–∞–≤–ª–µ–Ω–∏–µ –∫–æ–º–∞–Ω–¥—ã –ø–æ–ª—É—á–µ–Ω–∏—è —Ñ–∞–π–ª–æ–≤ PrepareReceiveFile –§–∞–π–ª objects/vhc_t-90/.t-90.info/Lighthouse - –∫–æ–ø–∏—è.jpg
2013-05-01 01:53:20 tConveyor 	AddReceiveCommand	–î–æ–±–∞–≤–ª–µ–Ω–∏–µ –∫–æ–º–∞–Ω–¥—ã –ø–æ–ª—É—á–µ–Ω–∏—è —Ñ–∞–π–ª–æ–≤ PrepareReceiveFile –§–∞–π–ª objects/vhc_t-90/.t-90.info/Lighthouse - –∫–æ–ø–∏—è - –∫–æ–ø–∏—è.jpg
2013-05-01 01:53:20 tConveyor 	AddCommitTransaction	–§–æ—Ä–º–∏—Ä–æ–≤–∞–Ω–∏–µ –∫–æ–º–∞–Ω–¥—ã –∫–æ–º–º–∏—Ç–∞ —Ç—Ä–∞–Ω–∑–∞–∫—Ü–∏–∏ –æ—Ç–ø—Ä–∞–≤–∫–∏ CommitTransaction
2013-05-01 01:53:20 tConveyor 	AddCommitTransaction	–§–æ—Ä–º–∏—Ä–æ–≤–∞–Ω–∏–µ –∫–æ–º–∞–Ω–¥—ã –∫–æ–º–º–∏—Ç–∞ —Ç—Ä–∞–Ω–∑–∞–∫—Ü–∏–∏ –ø–æ–ª—É—á–µ–Ω–∏—è VerifyMoveDelete
2013-05-01 01:53:20 tConveyor 	AddCommitTransaction	–ö–æ–º–∞–Ω–¥–∞ –æ–±–Ω–æ–≤–ª–µ–Ω–∏—è –ª–æ–∫–∞–ª—å–Ω—ã—Ö —Ç–∞–±–ª–∏—Ü UpdateMainLocal
2013-05-01 01:53:20 tConveyor 	StartExecution	–ù–∞—á–∞–ª–æ –≤—ã–ø–æ–ª–Ω–µ–Ω–∏—è —Å–ø–∏—Å–∫–∞ –∫–æ–º–∞–Ω–¥ 
2013-05-01 01:53:20 tConveyor 	NextCommand	–°–ª–µ–¥—É—é—â–∞—è –∫–æ–º–∞–Ω–¥–∞ —Å–ø–∏—Å–∫–∞ –∫–æ–º–∞–Ω–¥
2013-05-01 01:53:20 tConveyor 	OnCommand	–í—ã–ø–æ–ª–Ω–µ–Ω–∏–µ –∫–æ–º–∞–Ω–¥—ã –∏–∑ GUI StartTransaction
2013-05-01 01:53:20 tClientGuiCommand 	GuiStartTransaction	–ù–ê–ß–ê–õ–û –¢–†–ê–ù–ó–ê–ö–¶–?–? 
2013-05-01 01:53:20 socket 	OnCommand	–ü–æ–ª—É—á–µ–Ω–∞ –∫–æ–º–∞–Ω–¥–∞ StartTransaction
2013-05-01 01:53:20 tStreamStartTransactionn 	ExeCommand	 –ü–µ—Ä–µ–¥–∞—á–∞ –∫–æ–º–∞–Ω–¥—ã –Ω–∞—á–∞–ª–∞ —Ç—Ä–∞–Ω–∑–∞–∫—Ü–∏–∏ 
2013-05-01 01:53:20 socket 	ReadReport	Report: 6
2013-05-01 01:53:20 tStreamReportStartTransaction 	ExeCommand	 –¢—Ä–∞–Ω–∑–∞–∫—Ü–∏—è –Ω–∞—á–∞—Ç–∞ —É—Å–ø–µ—à–Ω–æ 
2013-05-01 01:53:20 tConveyor 	OnCommand	–í—ã–ø–æ–ª–Ω–µ–Ω–∏–µ –∫–æ–º–∞–Ω–¥—ã –∏–∑ —Å–æ–∫–µ—Ç–∞ ReportStartTransaction
2013-05-01 01:53:20 tClientGuiCommand 	GuiReportStartTransaction	–û—Ç—á–µ—Ç –æ –Ω–∞—á–∞–ª–µ —Ç—Ä–∞–Ω–∑–∞–∫—Ü–∏–∏ 
2013-05-01 01:53:20 tConveyor 	NextCommand	–°–ª–µ–¥—É—é—â–∞—è –∫–æ–º–∞–Ω–¥–∞ —Å–ø–∏—Å–∫–∞ –∫–æ–º–∞–Ω–¥
2013-05-01 01:53:20 tConveyor 	OnCommand	–í—ã–ø–æ–ª–Ω–µ–Ω–∏–µ –∫–æ–º–∞–Ω–¥—ã –∏–∑ GUI PrepareReceiveFile
2013-05-01 01:53:20 tClientGuiCommand 	GuiPrepareReceiveFile	–ü–æ–¥–≥–æ—Ç–æ–≤–∫–∞ –∫ –ø—Ä–∏–µ–º—É —Ñ–∞–π–ª–∞ objects/vhc_t-90/.t-90.info/Lighthouse - –∫–æ–ø–∏—è.jpg
2013-05-01 01:53:20 socket 	OnCommand	–ü–æ–ª—É—á–µ–Ω–∞ –∫–æ–º–∞–Ω–¥–∞ PrepareReceiveFile
2013-05-01 01:53:20 tPrepareReceiveFile 	ExeCommand	 –û—Ç–ø—Ä–∞–≤–ª–µ–Ω–∏–µ –∫–æ–º–∞–Ω–¥—ã –ø—Ä–∏–µ–º–∞ —Ñ–∞–π–ª–∞ –Ω–∞ —Å–µ—Ä–≤–µ—Ä 
2013-05-01 01:53:20 socket 	ReadReport	Report: 1
2013-05-01 01:53:20 tStreamReceiveFile 	ExeCommand	 –ü—Ä–∏–µ–º —Ñ–∞–π–ª–∞ objects/vhc_t-90/.t-90.info/Lighthouse - –∫–æ–ø–∏—è.jpg –∑–∞–≤–µ—Ä—à–µ–Ω
2013-05-01 01:53:20 tConveyor 	OnCommand	–í—ã–ø–æ–ª–Ω–µ–Ω–∏–µ –∫–æ–º–∞–Ω–¥—ã –∏–∑ —Å–æ–∫–µ—Ç–∞ ReceiveReport
2013-05-01 01:53:20 tClientGuiCommand 	GuiReportReceiveFile	–û—Ç—á–µ—Ç –æ –ø—Ä–∏–µ–º–µ —Ñ–∞–π–ª–∞ D:/Temp/objects/vhc_t-90/.t-90.info/Lighthouse - –∫–æ–ø–∏—è.jpg
2013-05-01 01:53:20 tConveyor 	NextCommand	–°–ª–µ–¥—É—é—â–∞—è –∫–æ–º–∞–Ω–¥–∞ —Å–ø–∏—Å–∫–∞ –∫–æ–º–∞–Ω–¥
2013-05-01 01:53:20 tConveyor 	OnCommand	–í—ã–ø–æ–ª–Ω–µ–Ω–∏–µ –∫–æ–º–∞–Ω–¥—ã –∏–∑ GUI PrepareReceiveFile
2013-05-01 01:53:20 tClientGuiCommand 	GuiPrepareReceiveFile	–ü–æ–¥–≥–æ—Ç–æ–≤–∫–∞ –∫ –ø—Ä–∏–µ–º—É —Ñ–∞–π–ª–∞ objects/vhc_t-90/.t-90.info/Lighthouse - –∫–æ–ø–∏—è - –∫–æ–ø–∏—è.jpg
2013-05-01 01:53:20 socket 	OnCommand	–ü–æ–ª—É—á–µ–Ω–∞ –∫–æ–º–∞–Ω–¥–∞ PrepareReceiveFile
2013-05-01 01:53:20 tPrepareReceiveFile 	ExeCommand	 –û—Ç–ø—Ä–∞–≤–ª–µ–Ω–∏–µ –∫–æ–º–∞–Ω–¥—ã –ø—Ä–∏–µ–º–∞ —Ñ–∞–π–ª–∞ –Ω–∞ —Å–µ—Ä–≤–µ—Ä 
2013-05-01 01:53:20 socket 	ReadReport	Report: 1
2013-05-01 01:53:20 tStreamReceiveFile 	ExeCommand	 –ü—Ä–∏–µ–º —Ñ–∞–π–ª–∞ objects/vhc_t-90/.t-90.info/Lighthouse - –∫–æ–ø–∏—è - –∫–æ–ø–∏—è.jpg –∑–∞–≤–µ—Ä—à–µ–Ω
2013-05-01 01:53:20 tConveyor 	OnCommand	–í—ã–ø–æ–ª–Ω–µ–Ω–∏–µ –∫–æ–º–∞–Ω–¥—ã –∏–∑ —Å–æ–∫–µ—Ç–∞ ReceiveReport
2013-05-01 01:53:20 tClientGuiCommand 	GuiReportReceiveFile	–û—Ç—á–µ—Ç –æ –ø—Ä–∏–µ–º–µ —Ñ–∞–π–ª–∞ D:/Temp/objects/vhc_t-90/.t-90.info/Lighthouse - –∫–æ–ø–∏—è - –∫–æ–ø–∏—è.jpg
2013-05-01 01:53:20 tConveyor 	NextCommand	–°–ª–µ–¥—É—é—â–∞—è –∫–æ–º–∞–Ω–¥–∞ —Å–ø–∏—Å–∫–∞ –∫–æ–º–∞–Ω–¥
2013-05-01 01:53:20 tConveyor 	OnCommand	–í—ã–ø–æ–ª–Ω–µ–Ω–∏–µ –∫–æ–º–∞–Ω–¥—ã –∏–∑ GUI CommitTransaction
2013-05-01 01:53:20 tClientGuiCommand 	GuiCommitTransaction	–ö–æ–º–º–∏—Ç —Ç—Ä–∞–Ω–∑–∞–∫—Ü–∏–∏ 
2013-05-01 01:53:20 socket 	OnCommand	–ü–æ–ª—É—á–µ–Ω–∞ –∫–æ–º–∞–Ω–¥–∞ CommitTransaction
2013-05-01 01:53:20 tStreamCommitTransaction 	ExeCommand	 –û—Ç–ø—Ä–∞–≤–∫–∞ –∫–æ–º–∞–Ω–¥—ã –∫–æ–º–º–∏—Ç–∞ —Ç—Ä–∞–Ω–∑–∞–∫—Ü–∏–∏ 
2013-05-01 01:53:20 socket 	ReadReport	Report: 7
2013-05-01 01:53:20 tStreamReportCommitTransaction 	ExeCommand	 –ö–æ–º–º–∏—Ç –∑–∞–≤–µ—Ä—à–∏–ª—Å—è —É—Å–ø–µ—à–Ω–æ 
2013-05-01 01:53:20 tConveyor 	OnCommand	–í—ã–ø–æ–ª–Ω–µ–Ω–∏–µ –∫–æ–º–∞–Ω–¥—ã –∏–∑ —Å–æ–∫–µ—Ç–∞ ReportCommitTransaction
2013-05-01 01:53:20 tClientGuiCommand 	GuiCommitTransaction	–æ—Ç—á–µ—Ç –æ –∫–æ–º–º–∏—Ç–µ —Ç—Ä–∞–Ω–∑–∞–∫—Ü–∏–∏ 
2013-05-01 01:53:20 tConveyor 	NextCommand	–°–ª–µ–¥—É—é—â–∞—è –∫–æ–º–∞–Ω–¥–∞ —Å–ø–∏—Å–∫–∞ –∫–æ–º–∞–Ω–¥
2013-05-01 01:53:20 tConveyor 	OnCommand	–í—ã–ø–æ–ª–Ω–µ–Ω–∏–µ –∫–æ–º–∞–Ω–¥—ã –∏–∑ GUI VerifyMoveDelete
2013-05-01 01:53:20 tClientGuiCommand 	VerifyMoveDelete	 –ö–æ–º–∞–Ω–¥–∞ –ø—Ä–æ–≤–µ—Ä–∫–∏, –∑–∞–º–µ–Ω—ã –∏ —É–¥–∞–ª–µ–Ω–∏—è –ª–æ–∫–∞–ª—å–Ω—ã—Ö —Ñ–∞–π–ª–æ–≤
2013-05-01 01:53:26 tDatabaseOp 	PrepareUpdateLastSynch	–ù–ê–ß–ê–õ–û –ü–û–î–ì–û–¢–û–í–ö–? –û–ë–ù–û–í–õ–ï–ù–?–Ø LAST 
2013-05-01 01:53:26 tDatabaseOp 	UpdateLastSynch	–û–±–Ω–æ–≤–ª–µ–Ω–∏–µ Last —Ç–∞–±–ª–∏—Ü –ø–æ –ª–æ–∫–∞–ª—å–Ω—ã–º —Ç–∞–±–ª–∏—Ü–∞–º  
2013-05-01 01:53:27 tDatabaseOp 	UpdateLastSynch	–û–±–Ω–æ–≤–ª–µ–Ω–∏–µ Last —Ç–∞–±–ª–∏—Ü –ø–æ –ª–æ–∫–∞–ª—å–Ω—ã–º —Ç–∞–±–ª–∏—Ü–∞–º  
2013-05-01 01:53:27 tDatabaseOp 	UpdateLastSynch	–û–±–Ω–æ–≤–ª–µ–Ω–∏–µ Last —Ç–∞–±–ª–∏—Ü –ø–æ –ª–æ–∫–∞–ª—å–Ω—ã–º —Ç–∞–±–ª–∏—Ü–∞–º  
2013-05-01 01:53:28 tConveyor 	NextCommand	–°–ª–µ–¥—É—é—â–∞—è –∫–æ–º–∞–Ω–¥–∞ —Å–ø–∏—Å–∫–∞ –∫–æ–º–∞–Ω–¥
2013-05-01 01:53:28 tConveyor 	OnCommand	–í—ã–ø–æ–ª–Ω–µ–Ω–∏–µ –∫–æ–º–∞–Ω–¥—ã –∏–∑ GUI UpdateMainLocal
2013-05-01 01:53:28 tClientGuiCommand 	UpdateMainLocal	 –û–±–Ω–æ–≤–ª–µ–Ω–∏–µ –ª–æ–∫–∞–ª—å–Ω—ã—Ö –∏ Last —Ç–∞–±–ª–∏—Ü 
2013-05-01 01:53:28 tDatabaseOp 	RefreshModelsFiles	–û–±–Ω–æ–≤–ª–µ–Ω–∏–µ –ª–æ–∫–∞–ª—å–Ω—ã—Ö —Ç–∞–±–ª–∏—Ü –ø–æ —Ñ–∞–π–ª–∞–º –Ω–∞ –¥–∏—Å–∫–µ  
2013-05-01 01:53:28 tConveyor 	NextCommand	–ö–æ–Ω–µ—Ü —Å–ø–∏—Å–∫–∞ –∫–æ–º–∞–Ω–¥ 
2013-05-01 01:53:28 tConveyor 	ClearTempFolder	–û—á–∏—Å—Ç–∫–∞ –≤—Ä–µ–º–µ–Ω–Ω–æ–π –ø–∞–ø–∫–∏
2013-05-01 01:53:28 tConveyor 	ClearTempFolder	–û—á–∏—Å—Ç–∫–∞ –≤—Ä–µ–º–µ–Ω–Ω–æ–π –ø–∞–ø–∫–∏
2013-05-01 01:53:28 tConveyor 	Clear	–°–±—Ä–æ—Å —Å–ø–∏—Å–∫–∞ –∫–æ–º–∞–Ω–¥ —Ç—Ä–∞–Ω–∑–∞–∫—Ü–∏–∏
2013-05-01 01:53:28 tModelsConveyor 	StartReceiveDeleteFiles	–§–æ—Ä–º–∏—Ä–æ–≤–∞–Ω–∏–µ —Å–ø–∏—Å–∫–∞ –∫–æ–º–∞–Ω–¥ —Ç—Ä–∞–Ω–∑–∞–∫—Ü–∏–∏ –ø—Ä–∏–µ–º–∞ –∏ —É–¥–∞–ª–µ–Ω–∏—è —Ñ–∞–π–ª–æ–≤ –Ω–∞ –∫–ª–∏–µ–Ω—Ç–µ
2013-05-01 01:53:28 tConveyor 	ClearTempFolder	–û—á–∏—Å—Ç–∫–∞ –≤—Ä–µ–º–µ–Ω–Ω–æ–π –ø–∞–ø–∫–∏
2013-05-01 01:53:28 tModelsConveyor 	StartReceiveDeleteFiles	–í—Å–µ –º–æ–¥–µ–ª–∏ –ø—Ä–∏–Ω—è—Ç—ã
2013-05-01 01:53:28 tDatabaseOp 	RefreshModelsFiles	–û–±–Ω–æ–≤–ª–µ–Ω–∏–µ –ª–æ–∫–∞–ª—å–Ω—ã—Ö —Ç–∞–±–ª–∏—Ü –ø–æ —Ñ–∞–π–ª–∞–º –Ω–∞ –¥–∏—Å–∫–µ  
2013-05-01 01:53:29 tDatabaseOp 	UpdateLastSynch	–û–±–Ω–æ–≤–ª–µ–Ω–∏–µ Last —Ç–∞–±–ª–∏—Ü –ø–æ –ª–æ–∫–∞–ª—å–Ω—ã–º —Ç–∞–±–ª–∏—Ü–∞–º  
2013-05-01 01:53:30 tDatabaseOp 	UpdateLastSynch	–û–±–Ω–æ–≤–ª–µ–Ω–∏–µ Last —Ç–∞–±–ª–∏—Ü –ø–æ –ª–æ–∫–∞–ª—å–Ω—ã–º —Ç–∞–±–ª–∏—Ü–∞–º  
2013-05-01 01:53:30 tDatabaseOp 	PrepareUpdateLastSynch	–û–ö–û–ù–ß–ê–ù–?–ï –û–ë–ù–û–í–õ–ï–ù–?–Ø LAST 
2013-05-01 01:53:35 –ü–∞–∫–µ—Ç —Ç—Ä–∞–Ω–∑–∞–∫—Ü–∏–π –≤—ã–ø–æ–ª–Ω–µ–Ω
2013-05-01 01:53:40 tConveyor 	Clear	–°–±—Ä–æ—Å —Å–ø–∏—Å–∫–∞ –∫–æ–º–∞–Ω–¥ —Ç—Ä–∞–Ω–∑–∞–∫—Ü–∏–∏
2013-05-01 01:53:40 tModelsConveyor 	StartReceiveDeleteFiles	–§–æ—Ä–º–∏—Ä–æ–≤–∞–Ω–∏–µ —Å–ø–∏—Å–∫–∞ –∫–æ–º–∞–Ω–¥ —Ç—Ä–∞–Ω–∑–∞–∫—Ü–∏–∏ –ø—Ä–∏–µ–º–∞ –∏ —É–¥–∞–ª–µ–Ω–∏—è —Ñ–∞–π–ª–æ–≤ –Ω–∞ –∫–ª–∏–µ–Ω—Ç–µ
2013-05-01 01:53:40 tConveyor 	ClearTempFolder	–û—á–∏—Å—Ç–∫–∞ –≤—Ä–µ–º–µ–Ω–Ω–æ–π –ø–∞–ø–∫–∏
2013-05-01 01:53:40 tConveyor 	ReceiveFile	–ü–æ–¥–≥–æ—Ç–æ–≤–∫–∞ –∫–æ–º–∞–Ω–¥—ã –ø–æ–ª—É—á–µ–Ω–∏—è —Ñ–∞–π–ª–∞ objects/vhc_t-90/.t-90.info/Lighthouse - –∫–æ–ø–∏—è.jpg
2013-05-01 01:53:40 tConveyor 	ReceiveFile	–ü–æ–¥–≥–æ—Ç–æ–≤–∫–∞ –∫–æ–º–∞–Ω–¥—ã –ø–æ–ª—É—á–µ–Ω–∏—è —Ñ–∞–π–ª–∞ objects/vhc_t-90/.t-90.info/Lighthouse - –∫–æ–ø–∏—è - –∫–æ–ø–∏—è.jpg
2013-05-01 01:53:40 tConveyor 	AddStartTransaction	–î–æ–±–∞–≤–ª–µ–Ω–∏–µ –∫–æ–º–∞–Ω–¥—ã –Ω–∞—á–∞–ª–∞ —Ç—Ä–∞–Ω–∑–∞–∫—Ü–∏–∏ (–ø–æ–ª—É—á–µ–Ω–∏–µ) 
2013-05-01 01:53:40 tConveyor 	AddReceiveCommand	–î–æ–±–∞–≤–ª–µ–Ω–∏–µ –∫–æ–º–∞–Ω–¥—ã –ø–æ–ª—É—á–µ–Ω–∏—è —Ñ–∞–π–ª–æ–≤ PrepareReceiveFile –§–∞–π–ª objects/vhc_t-90/.t-90.info/Lighthouse - –∫–æ–ø–∏—è.jpg
2013-05-01 01:53:40 tConveyor 	AddReceiveCommand	–î–æ–±–∞–≤–ª–µ–Ω–∏–µ –∫–æ–º–∞–Ω–¥—ã –ø–æ–ª—É—á–µ–Ω–∏—è —Ñ–∞–π–ª–æ–≤ PrepareReceiveFile –§–∞–π–ª objects/vhc_t-90/.t-90.info/Lighthouse - –∫–æ–ø–∏—è - –∫–æ–ø–∏—è.jpg
2013-05-01 01:53:40 tConveyor 	AddCommitTransaction	–§–æ—Ä–º–∏—Ä–æ–≤–∞–Ω–∏–µ –∫–æ–º–∞–Ω–¥—ã –∫–æ–º–º–∏—Ç–∞ —Ç—Ä–∞–Ω–∑–∞–∫—Ü–∏–∏ –æ—Ç–ø—Ä–∞–≤–∫–∏ CommitTransaction
2013-05-01 01:53:40 tConveyor 	AddCommitTransaction	–§–æ—Ä–º–∏—Ä–æ–≤–∞–Ω–∏–µ –∫–æ–º–∞–Ω–¥—ã –∫–æ–º–º–∏—Ç–∞ —Ç—Ä–∞–Ω–∑–∞–∫—Ü–∏–∏ –ø–æ–ª—É—á–µ–Ω–∏—è VerifyMoveDelete
2013-05-01 01:53:40 tConveyor 	AddCommitTransaction	–ö–æ–º–∞–Ω–¥–∞ –æ–±–Ω–æ–≤–ª–µ–Ω–∏—è –ª–æ–∫–∞–ª—å–Ω—ã—Ö —Ç–∞–±–ª–∏—Ü UpdateMainLocal
2013-05-01 01:53:40 tConveyor 	StartExecution	–ù–∞—á–∞–ª–æ –≤—ã–ø–æ–ª–Ω–µ–Ω–∏—è —Å–ø–∏—Å–∫–∞ –∫–æ–º–∞–Ω–¥ 
2013-05-01 01:53:40 tConveyor 	NextCommand	–°–ª–µ–¥—É—é—â–∞—è –∫–æ–º–∞–Ω–¥–∞ —Å–ø–∏—Å–∫–∞ –∫–æ–º–∞–Ω–¥
2013-05-01 01:53:40 tConveyor 	OnCommand	–í—ã–ø–æ–ª–Ω–µ–Ω–∏–µ –∫–æ–º–∞–Ω–¥—ã –∏–∑ GUI StartTransaction
2013-05-01 01:53:40 tClientGuiCommand 	GuiStartTransaction	–ù–ê–ß–ê–õ–û –¢–†–ê–ù–ó–ê–ö–¶–?–? 
2013-05-01 01:53:40 socket 	OnCommand	–ü–æ–ª—É—á–µ–Ω–∞ –∫–æ–º–∞–Ω–¥–∞ StartTransaction
2013-05-01 01:53:40 tStreamStartTransactionn 	ExeCommand	 –ü–µ—Ä–µ–¥–∞—á–∞ –∫–æ–º–∞–Ω–¥—ã –Ω–∞—á–∞–ª–∞ —Ç—Ä–∞–Ω–∑–∞–∫—Ü–∏–∏ 
2013-05-01 01:53:40 socket 	ReadReport	Report: 6
2013-05-01 01:53:40 tStreamReportStartTransaction 	ExeCommand	 –¢—Ä–∞–Ω–∑–∞–∫—Ü–∏—è –Ω–∞—á–∞—Ç–∞ —É—Å–ø–µ—à–Ω–æ 
2013-05-01 01:53:40 tConveyor 	OnCommand	–í—ã–ø–æ–ª–Ω–µ–Ω–∏–µ –∫–æ–º–∞–Ω–¥—ã –∏–∑ —Å–æ–∫–µ—Ç–∞ ReportStartTransaction
2013-05-01 01:53:40 tClientGuiCommand 	GuiReportStartTransaction	–û—Ç—á–µ—Ç –æ –Ω–∞—á–∞–ª–µ —Ç—Ä–∞–Ω–∑–∞–∫—Ü–∏–∏ 
2013-05-01 01:53:40 tConveyor 	NextCommand	–°–ª–µ–¥—É—é—â–∞—è –∫–æ–º–∞–Ω–¥–∞ —Å–ø–∏—Å–∫–∞ –∫–æ–º–∞–Ω–¥
2013-05-01 01:53:40 tConveyor 	OnCommand	–í—ã–ø–æ–ª–Ω–µ–Ω–∏–µ –∫–æ–º–∞–Ω–¥—ã –∏–∑ GUI PrepareReceiveFile
2013-05-01 01:53:40 tClientGuiCommand 	GuiPrepareReceiveFile	–ü–æ–¥–≥–æ—Ç–æ–≤–∫–∞ –∫ –ø—Ä–∏–µ–º—É —Ñ–∞–π–ª–∞ objects/vhc_t-90/.t-90.info/Lighthouse - –∫–æ–ø–∏—è.jpg
2013-05-01 01:53:40 socket 	OnCommand	–ü–æ–ª—É—á–µ–Ω–∞ –∫–æ–º–∞–Ω–¥–∞ PrepareReceiveFile
2013-05-01 01:53:40 tPrepareReceiveFile 	ExeCommand	 –û—Ç–ø—Ä–∞–≤–ª–µ–Ω–∏–µ –∫–æ–º–∞–Ω–¥—ã –ø—Ä–∏–µ–º–∞ —Ñ–∞–π–ª–∞ –Ω–∞ —Å–µ—Ä–≤–µ—Ä 
2013-05-01 01:53:40 socket 	ReadReport	Report: 1
2013-05-01 01:53:41 tStreamReceiveFile 	ExeCommand	 –ü—Ä–∏–µ–º —Ñ–∞–π–ª–∞ objects/vhc_t-90/.t-90.info/Lighthouse - –∫–æ–ø–∏—è.jpg –∑–∞–≤–µ—Ä—à–µ–Ω
2013-05-01 01:53:41 tConveyor 	OnCommand	–í—ã–ø–æ–ª–Ω–µ–Ω–∏–µ –∫–æ–º–∞–Ω–¥—ã –∏–∑ —Å–æ–∫–µ—Ç–∞ ReceiveReport
2013-05-01 01:53:41 tClientGuiCommand 	GuiReportReceiveFile	–û—Ç—á–µ—Ç –æ –ø—Ä–∏–µ–º–µ —Ñ–∞–π–ª–∞ D:/Temp/objects/vhc_t-90/.t-90.info/Lighthouse - –∫–æ–ø–∏—è.jpg
2013-05-01 01:53:41 tConveyor 	NextCommand	–°–ª–µ–¥—É—é—â–∞—è –∫–æ–º–∞–Ω–¥–∞ —Å–ø–∏—Å–∫–∞ –∫–æ–º–∞–Ω–¥
2013-05-01 01:53:41 tConveyor 	OnCommand	–í—ã–ø–æ–ª–Ω–µ–Ω–∏–µ –∫–æ–º–∞–Ω–¥—ã –∏–∑ GUI PrepareReceiveFile
2013-05-01 01:53:41 tClientGuiCommand 	GuiPrepareReceiveFile	–ü–æ–¥–≥–æ—Ç–æ–≤–∫–∞ –∫ –ø—Ä–∏–µ–º—É —Ñ–∞–π–ª–∞ objects/vhc_t-90/.t-90.info/Lighthouse - –∫–æ–ø–∏—è - –∫–æ–ø–∏—è.jpg
2013-05-01 01:53:41 socket 	OnCommand	–ü–æ–ª—É—á–µ–Ω–∞ –∫–æ–º–∞–Ω–¥–∞ PrepareReceiveFile
2013-05-01 01:53:41 tPrepareReceiveFile 	ExeCommand	 –û—Ç–ø—Ä–∞–≤–ª–µ–Ω–∏–µ –∫–æ–º–∞–Ω–¥—ã –ø—Ä–∏–µ–º–∞ —Ñ–∞–π–ª–∞ –Ω–∞ —Å–µ—Ä–≤–µ—Ä 
2013-05-01 01:53:41 socket 	ReadReport	Report: 1
2013-05-01 01:53:41 tStreamReceiveFile 	ExeCommand	 –ü—Ä–∏–µ–º —Ñ–∞–π–ª–∞ objects/vhc_t-90/.t-90.info/Lighthouse - –∫–æ–ø–∏—è - –∫–æ–ø–∏—è.jpg –∑–∞–≤–µ—Ä—à–µ–Ω
2013-05-01 01:53:41 tConveyor 	OnCommand	–í—ã–ø–æ–ª–Ω–µ–Ω–∏–µ –∫–æ–º–∞–Ω–¥—ã –∏–∑ —Å–æ–∫–µ—Ç–∞ ReceiveReport
2013-05-01 01:53:41 tClientGuiCommand 	GuiReportReceiveFile	–û—Ç—á–µ—Ç –æ –ø—Ä–∏–µ–º–µ —Ñ–∞–π–ª–∞ D:/Temp/objects/vhc_t-90/.t-90.info/Lighthouse - –∫–æ–ø–∏—è - –∫–æ–ø–∏—è.jpg
2013-05-01 01:53:41 tConveyor 	NextCommand	–°–ª–µ–¥—É—é—â–∞—è –∫–æ–º–∞–Ω–¥–∞ —Å–ø–∏—Å–∫–∞ –∫–æ–º–∞–Ω–¥
2013-05-01 01:53:41 tConveyor 	OnCommand	–í—ã–ø–æ–ª–Ω–µ–Ω–∏–µ –∫–æ–º–∞–Ω–¥—ã –∏–∑ GUI CommitTransaction
2013-05-01 01:53:41 tClientGuiCommand 	GuiCommitTransaction	–ö–æ–º–º–∏—Ç —Ç—Ä–∞–Ω–∑–∞–∫—Ü–∏–∏ 
2013-05-01 01:53:41 socket 	OnCommand	–ü–æ–ª—É—á–µ–Ω–∞ –∫–æ–º–∞–Ω–¥–∞ CommitTransaction
2013-05-01 01:53:41 tStreamCommitTransaction 	ExeCommand	 –û—Ç–ø—Ä–∞–≤–∫–∞ –∫–æ–º–∞–Ω–¥—ã –∫–æ–º–º–∏—Ç–∞ —Ç—Ä–∞–Ω–∑–∞–∫—Ü–∏–∏ 
2013-05-01 01:53:41 socket 	ReadReport	Report: 7
2013-05-01 01:53:41 tStreamReportCommitTransaction 	ExeCommand	 –ö–æ–º–º–∏—Ç –∑–∞–≤–µ—Ä—à–∏–ª—Å—è —É—Å–ø–µ—à–Ω–æ 
2013-05-01 01:53:41 tConveyor 	OnCommand	–í—ã–ø–æ–ª–Ω–µ–Ω–∏–µ –∫–æ–º–∞–Ω–¥—ã –∏–∑ —Å–æ–∫–µ—Ç–∞ ReportCommitTransaction
2013-05-01 01:53:41 tClientGuiCommand 	GuiCommitTransaction	–æ—Ç—á–µ—Ç –æ –∫–æ–º–º–∏—Ç–µ —Ç—Ä–∞–Ω–∑–∞–∫—Ü–∏–∏ 
2013-05-01 01:53:41 tConveyor 	NextCommand	–°–ª–µ–¥—É—é—â–∞—è –∫–æ–º–∞–Ω–¥–∞ —Å–ø–∏—Å–∫–∞ –∫–æ–º–∞–Ω–¥
2013-05-01 01:53:41 tConveyor 	OnCommand	–í—ã–ø–æ–ª–Ω–µ–Ω–∏–µ –∫–æ–º–∞–Ω–¥—ã –∏–∑ GUI VerifyMoveDelete
2013-05-01 01:53:41 tClientGuiCommand 	VerifyMoveDelete	 –ö–æ–º–∞–Ω–¥–∞ –ø—Ä–æ–≤–µ—Ä–∫–∏, –∑–∞–º–µ–Ω—ã –∏ —É–¥–∞–ª–µ–Ω–∏—è –ª–æ–∫–∞–ª—å–Ω—ã—Ö —Ñ–∞–π–ª–æ–≤
2013-05-01 01:53:43 tDatabaseOp 	PrepareUpdateLastSynch	–ù–ê–ß–ê–õ–û –ü–û–î–ì–û–¢–û–í–ö–? –û–ë–ù–û–í–õ–ï–ù–?–Ø LAST 
2013-05-01 01:53:43 tDatabaseOp 	UpdateLastSynch	–û–±–Ω–æ–≤–ª–µ–Ω–∏–µ Last —Ç–∞–±–ª–∏—Ü –ø–æ –ª–æ–∫–∞–ª—å–Ω—ã–º —Ç–∞–±–ª–∏—Ü–∞–º  
2013-05-01 01:53:44 tDatabaseOp 	UpdateLastSynch	–û–±–Ω–æ–≤–ª–µ–Ω–∏–µ Last —Ç–∞–±–ª–∏—Ü –ø–æ –ª–æ–∫–∞–ª—å–Ω—ã–º —Ç–∞–±–ª–∏—Ü–∞–º  
2013-05-01 01:53:45 tDatabaseOp 	UpdateLastSynch	–û–±–Ω–æ–≤–ª–µ–Ω–∏–µ Last —Ç–∞–±–ª–∏—Ü –ø–æ –ª–æ–∫–∞–ª—å–Ω—ã–º —Ç–∞–±–ª–∏—Ü–∞–º  
2013-05-01 01:53:45 tConveyor 	NextCommand	–°–ª–µ–¥—É—é—â–∞—è –∫–æ–º–∞–Ω–¥–∞ —Å–ø–∏—Å–∫–∞ –∫–æ–º–∞–Ω–¥
2013-05-01 01:53:45 tConveyor 	OnCommand	–í—ã–ø–æ–ª–Ω–µ–Ω–∏–µ –∫–æ–º–∞–Ω–¥—ã –∏–∑ GUI UpdateMainLocal
2013-05-01 01:53:45 tClientGuiCommand 	UpdateMainLocal	 –û–±–Ω–æ–≤–ª–µ–Ω–∏–µ –ª–æ–∫–∞–ª—å–Ω—ã—Ö –∏ Last —Ç–∞–±–ª–∏—Ü 
2013-05-01 01:53:45 tDatabaseOp 	RefreshModelsFiles	–û–±–Ω–æ–≤–ª–µ–Ω–∏–µ –ª–æ–∫–∞–ª—å–Ω—ã—Ö —Ç–∞–±–ª–∏—Ü –ø–æ —Ñ–∞–π–ª–∞–º –Ω–∞ –¥–∏—Å–∫–µ  
2013-05-01 01:53:45 tConveyor 	NextCommand	–ö–æ–Ω–µ—Ü —Å–ø–∏—Å–∫–∞ –∫–æ–º–∞–Ω–¥ 
2013-05-01 01:53:45 tConveyor 	ClearTempFolder	–û—á–∏—Å—Ç–∫–∞ –≤—Ä–µ–º–µ–Ω–Ω–æ–π –ø–∞–ø–∫–∏
2013-05-01 01:53:45 tConveyor 	ClearTempFolder	–û—á–∏—Å—Ç–∫–∞ –≤—Ä–µ–º–µ–Ω–Ω–æ–π –ø–∞–ø–∫–∏
2013-05-01 01:53:45 tConveyor 	Clear	–°–±—Ä–æ—Å —Å–ø–∏—Å–∫–∞ –∫–æ–º–∞–Ω–¥ —Ç—Ä–∞–Ω–∑–∞–∫—Ü–∏–∏
2013-05-01 01:53:45 tModelsConveyor 	StartReceiveDeleteFiles	–§–æ—Ä–º–∏—Ä–æ–≤–∞–Ω–∏–µ —Å–ø–∏—Å–∫–∞ –∫–æ–º–∞–Ω–¥ —Ç—Ä–∞–Ω–∑–∞–∫—Ü–∏–∏ –ø—Ä–∏–µ–º–∞ –∏ —É–¥–∞–ª–µ–Ω–∏—è —Ñ–∞–π–ª–æ–≤ –Ω–∞ –∫–ª–∏–µ–Ω—Ç–µ
2013-05-01 01:53:45 tConveyor 	ClearTempFolder	–û—á–∏—Å—Ç–∫–∞ –≤—Ä–µ–º–µ–Ω–Ω–æ–π –ø–∞–ø–∫–∏
2013-05-01 01:53:45 tModelsConveyor 	StartReceiveDeleteFiles	–í—Å–µ –º–æ–¥–µ–ª–∏ –ø—Ä–∏–Ω—è—Ç—ã
2013-05-01 01:53:45 tDatabaseOp 	RefreshModelsFiles	–û–±–Ω–æ–≤–ª–µ–Ω–∏–µ –ª–æ–∫–∞–ª—å–Ω—ã—Ö —Ç–∞–±–ª–∏—Ü –ø–æ —Ñ–∞–π–ª–∞–º –Ω–∞ –¥–∏—Å–∫–µ  
2013-05-01 01:53:46 tDatabaseOp 	UpdateLastSynch	–û–±–Ω–æ–≤–ª–µ–Ω–∏–µ Last —Ç–∞–±–ª–∏—Ü –ø–æ –ª–æ–∫–∞–ª—å–Ω—ã–º —Ç–∞–±–ª–∏—Ü–∞–º  
2013-05-01 01:53:47 tDatabaseOp 	UpdateLastSynch	–û–±–Ω–æ–≤–ª–µ–Ω–∏–µ Last —Ç–∞–±–ª–∏—Ü –ø–æ –ª–æ–∫–∞–ª—å–Ω—ã–º —Ç–∞–±–ª–∏—Ü–∞–º  
2013-05-01 01:53:47 tDatabaseOp 	PrepareUpdateLastSynch	–û–ö–û–ù–ß–ê–ù–?–ï –û–ë–ù–û–í–õ–ï–ù–?–Ø LAST 
2013-05-01 01:53:52 –ü–∞–∫–µ—Ç —Ç—Ä–∞–Ω–∑–∞–∫—Ü–∏–π –≤—ã–ø–æ–ª–Ω–µ–Ω
2013-05-01 01:54:34 tConveyor 	Clear	–°–±—Ä–æ—Å —Å–ø–∏—Å–∫–∞ –∫–æ–º–∞–Ω–¥ —Ç—Ä–∞–Ω–∑–∞–∫—Ü–∏–∏
2013-05-01 01:54:34 tModelsConveyor 	StartReceiveDeleteFiles	–§–æ—Ä–º–∏—Ä–æ–≤–∞–Ω–∏–µ —Å–ø–∏—Å–∫–∞ –∫–æ–º–∞–Ω–¥ —Ç—Ä–∞–Ω–∑–∞–∫—Ü–∏–∏ –ø—Ä–∏–µ–º–∞ –∏ —É–¥–∞–ª–µ–Ω–∏—è —Ñ–∞–π–ª–æ–≤ –Ω–∞ –∫–ª–∏–µ–Ω—Ç–µ
2013-05-01 01:54:34 tConveyor 	ClearTempFolder	–û—á–∏—Å—Ç–∫–∞ –≤—Ä–µ–º–µ–Ω–Ω–æ–π –ø–∞–ø–∫–∏
2013-05-01 01:54:34 tConveyor 	DeletingFile	–ü–æ–¥–≥–æ—Ç–æ–≤–∫–∞ –∫–æ–º–∞–Ω–¥—ã —É–¥–∞–ª–µ–Ω–∏—è —Ñ–∞–π–ª–∞ –Ω–∞ –∫–ª–∏–µ–Ω—Ç–µ objects/vhc_t-90/.t-90.info/Lighthouse - ÍÓÔËˇ - ÍÓÔËˇ.jpg
2013-05-01 01:54:34 tConveyor 	DeletingFile	–ü–æ–¥–≥–æ—Ç–æ–≤–∫–∞ –∫–æ–º–∞–Ω–¥—ã —É–¥–∞–ª–µ–Ω–∏—è —Ñ–∞–π–ª–∞ –Ω–∞ –∫–ª–∏–µ–Ω—Ç–µ objects/vhc_t-90/.t-90.info/Lighthouse - ÍÓÔËˇ.jpg
2013-05-01 01:54:34 tConveyor 	AddStartTransaction	–î–æ–±–∞–≤–ª–µ–Ω–∏–µ –∫–æ–º–∞–Ω–¥—ã –Ω–∞—á–∞–ª–∞ —Ç—Ä–∞–Ω–∑–∞–∫—Ü–∏–∏ (–ø–æ–ª—É—á–µ–Ω–∏–µ) 
2013-05-01 01:54:34 tConveyor 	AddCommitTransaction	–§–æ—Ä–º–∏—Ä–æ–≤–∞–Ω–∏–µ –∫–æ–º–∞–Ω–¥—ã –∫–æ–º–º–∏—Ç–∞ —Ç—Ä–∞–Ω–∑–∞–∫—Ü–∏–∏ –ø–æ–ª—É—á–µ–Ω–∏—è VerifyMoveDelete
2013-05-01 01:54:34 tConveyor 	AddCommitTransaction	–ö–æ–º–∞–Ω–¥–∞ –æ–±–Ω–æ–≤–ª–µ–Ω–∏—è –ª–æ–∫–∞–ª—å–Ω—ã—Ö —Ç–∞–±–ª–∏—Ü UpdateMainLocal
2013-05-01 01:54:34 tConveyor 	StartExecution	–ù–∞—á–∞–ª–æ –≤—ã–ø–æ–ª–Ω–µ–Ω–∏—è —Å–ø–∏—Å–∫–∞ –∫–æ–º–∞–Ω–¥ 
2013-05-01 01:54:34 tConveyor 	NextCommand	–°–ª–µ–¥—É—é—â–∞—è –∫–æ–º–∞–Ω–¥–∞ —Å–ø–∏—Å–∫–∞ –∫–æ–º–∞–Ω–¥
2013-05-01 01:54:34 tConveyor 	OnCommand	–í—ã–ø–æ–ª–Ω–µ–Ω–∏–µ –∫–æ–º–∞–Ω–¥—ã –∏–∑ GUI VerifyMoveDelete
2013-05-01 01:54:34 tClientGuiCommand 	VerifyMoveDelete	 –ö–æ–º–∞–Ω–¥–∞ –ø—Ä–æ–≤–µ—Ä–∫–∏, –∑–∞–º–µ–Ω—ã –∏ —É–¥–∞–ª–µ–Ω–∏—è –ª–æ–∫–∞–ª—å–Ω—ã—Ö —Ñ–∞–π–ª–æ–≤
2013-05-01 01:54:41 tDatabaseOp 	PrepareUpdateLastSynch	–ù–ê–ß–ê–õ–û –ü–û–î–ì–û–¢–û–í–ö–? –û–ë–ù–û–í–õ–ï–ù–?–Ø LAST 
2013-05-01 01:54:41 tDatabaseOp 	UpdateLastSynch	–û–±–Ω–æ–≤–ª–µ–Ω–∏–µ Last —Ç–∞–±–ª–∏—Ü –ø–æ –ª–æ–∫–∞–ª—å–Ω—ã–º —Ç–∞–±–ª–∏—Ü–∞–º  
2013-05-01 01:54:44 tDatabaseOp 	UpdateLastSynch	–û–±–Ω–æ–≤–ª–µ–Ω–∏–µ Last —Ç–∞–±–ª–∏—Ü –ø–æ –ª–æ–∫–∞–ª—å–Ω—ã–º —Ç–∞–±–ª–∏—Ü–∞–º  
2013-05-01 01:54:45 tDatabaseOp 	UpdateLastSynch	–û–±–Ω–æ–≤–ª–µ–Ω–∏–µ Last —Ç–∞–±–ª–∏—Ü –ø–æ –ª–æ–∫–∞–ª—å–Ω—ã–º —Ç–∞–±–ª–∏—Ü–∞–º  
2013-05-01 01:54:45 tConveyor 	NextCommand	–°–ª–µ–¥—É—é—â–∞—è –∫–æ–º–∞–Ω–¥–∞ —Å–ø–∏—Å–∫–∞ –∫–æ–º–∞–Ω–¥
2013-05-01 01:54:45 tConveyor 	OnCommand	–í—ã–ø–æ–ª–Ω–µ–Ω–∏–µ –∫–æ–º–∞–Ω–¥—ã –∏–∑ GUI UpdateMainLocal
2013-05-01 01:54:45 tClientGuiCommand 	UpdateMainLocal	 –û–±–Ω–æ–≤–ª–µ–Ω–∏–µ –ª–æ–∫–∞–ª—å–Ω—ã—Ö –∏ Last —Ç–∞–±–ª–∏—Ü 
2013-05-01 01:54:45 tDatabaseOp 	RefreshModelsFiles	–û–±–Ω–æ–≤–ª–µ–Ω–∏–µ –ª–æ–∫–∞–ª—å–Ω—ã—Ö —Ç–∞–±–ª–∏—Ü –ø–æ —Ñ–∞–π–ª–∞–º –Ω–∞ –¥–∏—Å–∫–µ  
2013-05-01 01:54:45 tConveyor 	NextCommand	–ö–æ–Ω–µ—Ü —Å–ø–∏—Å–∫–∞ –∫–æ–º–∞–Ω–¥ 
2013-05-01 01:54:45 tConveyor 	ClearTempFolder	–û—á–∏—Å—Ç–∫–∞ –≤—Ä–µ–º–µ–Ω–Ω–æ–π –ø–∞–ø–∫–∏
2013-05-01 01:54:45 tConveyor 	ClearTempFolder	–û—á–∏—Å—Ç–∫–∞ –≤—Ä–µ–º–µ–Ω–Ω–æ–π –ø–∞–ø–∫–∏
2013-05-01 01:54:45 tConveyor 	Clear	–°–±—Ä–æ—Å —Å–ø–∏—Å–∫–∞ –∫–æ–º–∞–Ω–¥ —Ç—Ä–∞–Ω–∑–∞–∫—Ü–∏–∏
2013-05-01 01:54:45 tModelsConveyor 	StartReceiveDeleteFiles	–§–æ—Ä–º–∏—Ä–æ–≤–∞–Ω–∏–µ —Å–ø–∏—Å–∫–∞ –∫–æ–º–∞–Ω–¥ —Ç—Ä–∞–Ω–∑–∞–∫—Ü–∏–∏ –ø—Ä–∏–µ–º–∞ –∏ —É–¥–∞–ª–µ–Ω–∏—è —Ñ–∞–π–ª–æ–≤ –Ω–∞ –∫–ª–∏–µ–Ω—Ç–µ
2013-05-01 01:54:45 tConveyor 	ClearTempFolder	–û—á–∏—Å—Ç–∫–∞ –≤—Ä–µ–º–µ–Ω–Ω–æ–π –ø–∞–ø–∫–∏
2013-05-01 01:54:45 tModelsConveyor 	StartReceiveDeleteFiles	–í—Å–µ –º–æ–¥–µ–ª–∏ –ø—Ä–∏–Ω—è—Ç—ã
2013-05-01 01:54:45 tDatabaseOp 	RefreshModelsFiles	–û–±–Ω–æ–≤–ª–µ–Ω–∏–µ –ª–æ–∫–∞–ª—å–Ω—ã—Ö —Ç–∞–±–ª–∏—Ü –ø–æ —Ñ–∞–π–ª–∞–º –Ω–∞ –¥–∏—Å–∫–µ  
2013-05-01 01:54:50 tDatabaseOp 	UpdateLastSynch	–û–±–Ω–æ–≤–ª–µ–Ω–∏–µ Last —Ç–∞–±–ª–∏—Ü –ø–æ –ª–æ–∫–∞–ª—å–Ω—ã–º —Ç–∞–±–ª–∏—Ü–∞–º  
2013-05-01 01:54:59 tDatabaseOp 	UpdateLastSynch	–û–±–Ω–æ–≤–ª–µ–Ω–∏–µ Last —Ç–∞–±–ª–∏—Ü –ø–æ –ª–æ–∫–∞–ª—å–Ω—ã–º —Ç–∞–±–ª–∏—Ü–∞–º  
2013-05-01 01:54:59 tDatabaseOp 	PrepareUpdateLastSynch	–û–ö–û–ù–ß–ê–ù–?–ï –û–ë–ù–û–í–õ–ï–ù–?–Ø LAST 
2013-05-01 01:55:32 –ü–∞–∫–µ—Ç —Ç—Ä–∞–Ω–∑–∞–∫—Ü–∏–π –≤—ã–ø–æ–ª–Ω–µ–Ω
2013-05-01 01:56:04 tConveyor 	Clear	–°–±—Ä–æ—Å —Å–ø–∏—Å–∫–∞ –∫–æ–º–∞–Ω–¥ —Ç—Ä–∞–Ω–∑–∞–∫—Ü–∏–∏
2013-05-01 01:56:04 tModelsConveyor 	StartSendDeleteFiles	–§–æ—Ä–º–∏—Ä–æ–≤–∞–Ω–∏–µ —Å–ø–∏—Å–∫–∞ –∫–æ–º–∞–Ω–¥ —Ç—Ä–∞–Ω–∑–∞–∫—Ü–∏–∏ –ø–µ—Ä–µ–¥–∞—á–∏ –∏ —É–¥–∞–ª–µ–Ω–∏—è —Ñ–∞–π–ª–æ–≤ –Ω–∞ —Å–µ—Ä–≤–µ—Ä–µ
2013-05-01 01:56:05 tConveyor 	DeletingFile	–ü–æ–¥–≥–æ—Ç–æ–≤–∫–∞ –∫–æ–º–∞–Ω–¥—ã —É–¥–∞–ª–µ–Ω–∏—è —Ñ–∞–π–ª–∞ –Ω–∞ —Å–µ—Ä–≤–µ—Ä–µ objects/vhc_t-90/.t-90.info/Lighthouse - ÍÓÔËˇ.jpg
2013-05-01 01:56:05 tConveyor 	DeletingFile	–ü–æ–¥–≥–æ—Ç–æ–≤–∫–∞ –∫–æ–º–∞–Ω–¥—ã —É–¥–∞–ª–µ–Ω–∏—è —Ñ–∞–π–ª–∞ –Ω–∞ —Å–µ—Ä–≤–µ—Ä–µ objects/vhc_t-90/.t-90.info/Lighthouse - ÍÓÔËˇ - ÍÓÔËˇ.jpg
2013-05-01 01:56:05 tConveyor 	AddStartTransaction	–î–æ–±–∞–≤–ª–µ–Ω–∏–µ –∫–æ–º–∞–Ω–¥—ã –Ω–∞—á–∞–ª–∞ —Ç—Ä–∞–Ω–∑–∞–∫—Ü–∏–∏ (–æ—Ç–ø—Ä–∞–≤–∫–∞) 
2013-05-01 01:56:05 tConveyor 	AddDelCommand	–§–æ—Ä–º–∏—Ä–æ–≤–∞–Ω–∏–µ –∫–æ–º–∞–Ω–¥—ã —É–¥–∞–ª–µ–Ω–∏—è —Ñ–∞–π–ª–æ–≤ 
2013-05-01 01:56:05 tConveyor 	AddCommitTransaction	–§–æ—Ä–º–∏—Ä–æ–≤–∞–Ω–∏–µ –∫–æ–º–∞–Ω–¥—ã –∫–æ–º–º–∏—Ç–∞ —Ç—Ä–∞–Ω–∑–∞–∫—Ü–∏–∏ –æ—Ç–ø—Ä–∞–≤–∫–∏ CommitTransaction
2013-05-01 01:56:05 tConveyor 	StartExecution	–ù–∞—á–∞–ª–æ –≤—ã–ø–æ–ª–Ω–µ–Ω–∏—è —Å–ø–∏—Å–∫–∞ –∫–æ–º–∞–Ω–¥ 
2013-05-01 01:56:05 tConveyor 	NextCommand	–°–ª–µ–¥—É—é—â–∞—è –∫–æ–º–∞–Ω–¥–∞ —Å–ø–∏—Å–∫–∞ –∫–æ–º–∞–Ω–¥
2013-05-01 01:56:05 tConveyor 	OnCommand	–í—ã–ø–æ–ª–Ω–µ–Ω–∏–µ –∫–æ–º–∞–Ω–¥—ã –∏–∑ GUI StartTransaction
2013-05-01 01:56:05 tClientGuiCommand 	GuiStartTransaction	–ù–ê–ß–ê–õ–û –¢–†–ê–ù–ó–ê–ö–¶–?–? 
2013-05-01 01:56:05 socket 	OnCommand	–ü–æ–ª—É—á–µ–Ω–∞ –∫–æ–º–∞–Ω–¥–∞ StartTransaction
2013-05-01 01:56:05 tStreamStartTransactionn 	ExeCommand	 –ü–µ—Ä–µ–¥–∞—á–∞ –∫–æ–º–∞–Ω–¥—ã –Ω–∞—á–∞–ª–∞ —Ç—Ä–∞–Ω–∑–∞–∫—Ü–∏–∏ 
2013-05-01 01:56:05 socket 	ReadReport	Report: 6
2013-05-01 01:56:05 tStreamReportStartTransaction 	ExeCommand	 –¢—Ä–∞–Ω–∑–∞–∫—Ü–∏—è –Ω–∞—á–∞—Ç–∞ —É—Å–ø–µ—à–Ω–æ 
2013-05-01 01:56:05 tConveyor 	OnCommand	–í—ã–ø–æ–ª–Ω–µ–Ω–∏–µ –∫–æ–º–∞–Ω–¥—ã –∏–∑ —Å–æ–∫–µ—Ç–∞ ReportStartTransaction
2013-05-01 01:56:05 tClientGuiCommand 	GuiReportStartTransaction	–û—Ç—á–µ—Ç –æ –Ω–∞—á–∞–ª–µ —Ç—Ä–∞–Ω–∑–∞–∫—Ü–∏–∏ 
2013-05-01 01:56:05 tConveyor 	NextCommand	–°–ª–µ–¥—É—é—â–∞—è –∫–æ–º–∞–Ω–¥–∞ —Å–ø–∏—Å–∫–∞ –∫–æ–º–∞–Ω–¥
2013-05-01 01:56:05 tConveyor 	OnCommand	–í—ã–ø–æ–ª–Ω–µ–Ω–∏–µ –∫–æ–º–∞–Ω–¥—ã –∏–∑ GUI DeleteFile
2013-05-01 01:56:05 tClientGuiCommand 	GuiDeleteFile	–£–¥–∞–ª–µ–Ω–∏–µ —Ñ–∞–π–ª–∞ –Ω–∞ —Å–µ—Ä–≤–µ—Ä–µ objects/vhc_t-90/.t-90.info/Lighthouse - –∫–æ–ø–∏—è.jpg
2013-05-01 01:56:05 socket 	OnCommand	–ü–æ–ª—É—á–µ–Ω–∞ –∫–æ–º–∞–Ω–¥–∞ DeleteFile
2013-05-01 01:56:05 tDeleteFile 	ExeCommand	 –û—Ç–ø—Ä–∞–≤–∫–∞ –∫–æ–º–∞–Ω–¥—ã —É–¥–∞–ª–µ–Ω–∏—è —Ñ–∞–π–ª–∞ —Å —Å–µ—Ä–≤–µ—Ä–∞ objects/vhc_t-90/.t-90.info/Lighthouse - –∫–æ–ø–∏—è.jpg
2013-05-01 01:56:05 socket 	ReadReport	Report: 9
2013-05-01 01:56:05 tReportDeleteFile 	ExeCommand	 –û—Ç—á–µ—Ç –æ–± —É–¥–∞–ª–µ–Ω–∏–∏ —Ñ–∞–π–ª–∞ —Å —Å–µ—Ä–≤–µ—Ä–∞ objects/vhc_t-90/.t-90.info/Lighthouse - –∫–æ–ø–∏—è.jpg
2013-05-01 01:56:05 tConveyor 	OnCommand	–í—ã–ø–æ–ª–Ω–µ–Ω–∏–µ –∫–æ–º–∞–Ω–¥—ã –∏–∑ —Å–æ–∫–µ—Ç–∞ DeleteReport
2013-05-01 01:56:05 tClientGuiCommand 	GuiReportDeleteFile	–û—Ç—á–µ—Ç –æ–± —É–¥–∞–ª–µ–Ω–∏–∏ —Ñ–∞–π–ª–∞ –Ω–∞ —Å–µ—Ä–≤–µ—Ä–µ 
2013-05-01 01:56:05 tConveyor 	NextCommand	–°–ª–µ–¥—É—é—â–∞—è –∫–æ–º–∞–Ω–¥–∞ —Å–ø–∏—Å–∫–∞ –∫–æ–º–∞–Ω–¥
2013-05-01 01:56:05 tConveyor 	OnCommand	–í—ã–ø–æ–ª–Ω–µ–Ω–∏–µ –∫–æ–º–∞–Ω–¥—ã –∏–∑ GUI DeleteFile
2013-05-01 01:56:05 tClientGuiCommand 	GuiDeleteFile	–£–¥–∞–ª–µ–Ω–∏–µ —Ñ–∞–π–ª–∞ –Ω–∞ —Å–µ—Ä–≤–µ—Ä–µ objects/vhc_t-90/.t-90.info/Lighthouse - –∫–æ–ø–∏—è - –∫–æ–ø–∏—è.jpg
2013-05-01 01:56:05 socket 	OnCommand	–ü–æ–ª—É—á–µ–Ω–∞ –∫–æ–º–∞–Ω–¥–∞ DeleteFile
2013-05-01 01:56:05 tDeleteFile 	ExeCommand	 –û—Ç–ø—Ä–∞–≤–∫–∞ –∫–æ–º–∞–Ω–¥—ã —É–¥–∞–ª–µ–Ω–∏—è —Ñ–∞–π–ª–∞ —Å —Å–µ—Ä–≤–µ—Ä–∞ objects/vhc_t-90/.t-90.info/Lighthouse - –∫–æ–ø–∏—è - –∫–æ–ø–∏—è.jpg
2013-05-01 01:56:05 socket 	ReadReport	Report: 9
2013-05-01 01:56:05 tReportDeleteFile 	ExeCommand	 –û—Ç—á–µ—Ç –æ–± —É–¥–∞–ª–µ–Ω–∏–∏ —Ñ–∞–π–ª–∞ —Å —Å–µ—Ä–≤–µ—Ä–∞ objects/vhc_t-90/.t-90.info/Lighthouse - –∫–æ–ø–∏—è - –∫–æ–ø–∏—è.jpg
2013-05-01 01:56:05 tConveyor 	OnCommand	–í—ã–ø–æ–ª–Ω–µ–Ω–∏–µ –∫–æ–º–∞–Ω–¥—ã –∏–∑ —Å–æ–∫–µ—Ç–∞ DeleteReport
2013-05-01 01:56:05 tClientGuiCommand 	GuiReportDeleteFile	–û—Ç—á–µ—Ç –æ–± —É–¥–∞–ª–µ–Ω–∏–∏ —Ñ–∞–π–ª–∞ –Ω–∞ —Å–µ—Ä–≤–µ—Ä–µ 
2013-05-01 01:56:05 tConveyor 	NextCommand	–°–ª–µ–¥—É—é—â–∞—è –∫–æ–º–∞–Ω–¥–∞ —Å–ø–∏—Å–∫–∞ –∫–æ–º–∞–Ω–¥
2013-05-01 01:56:05 tConveyor 	OnCommand	–í—ã–ø–æ–ª–Ω–µ–Ω–∏–µ –∫–æ–º–∞–Ω–¥—ã –∏–∑ GUI CommitTransaction
2013-05-01 01:56:05 tClientGuiCommand 	GuiCommitTransaction	–ö–æ–º–º–∏—Ç —Ç—Ä–∞–Ω–∑–∞–∫—Ü–∏–∏ 
2013-05-01 01:56:05 socket 	OnCommand	–ü–æ–ª—É—á–µ–Ω–∞ –∫–æ–º–∞–Ω–¥–∞ CommitTransaction
2013-05-01 01:56:05 tStreamCommitTransaction 	ExeCommand	 –û—Ç–ø—Ä–∞–≤–∫–∞ –∫–æ–º–∞–Ω–¥—ã –∫–æ–º–º–∏—Ç–∞ —Ç—Ä–∞–Ω–∑–∞–∫—Ü–∏–∏ 
2013-05-01 01:56:05 socket 	ReadReport	Report: 7
2013-05-01 01:56:05 tStreamReportCommitTransaction 	ExeCommand	 –ö–æ–º–º–∏—Ç –∑–∞–≤–µ—Ä—à–∏–ª—Å—è —É—Å–ø–µ—à–Ω–æ 
2013-05-01 01:56:05 tConveyor 	OnCommand	–í—ã–ø–æ–ª–Ω–µ–Ω–∏–µ –∫–æ–º–∞–Ω–¥—ã –∏–∑ —Å–æ–∫–µ—Ç–∞ ReportCommitTransaction
2013-05-01 01:56:05 tClientGuiCommand 	GuiCommitTransaction	–æ—Ç—á–µ—Ç –æ –∫–æ–º–º–∏—Ç–µ —Ç—Ä–∞–Ω–∑–∞–∫—Ü–∏–∏ 
2013-05-01 01:56:05 tConveyor 	NextCommand	–ö–æ–Ω–µ—Ü —Å–ø–∏—Å–∫–∞ –∫–æ–º–∞–Ω–¥ 
2013-05-01 01:56:05 tConveyor 	ClearTempFolder	–û—á–∏—Å—Ç–∫–∞ –≤—Ä–µ–º–µ–Ω–Ω–æ–π –ø–∞–ø–∫–∏
2013-05-01 01:56:05 tConveyor 	ClearTempFolder	–û—á–∏—Å—Ç–∫–∞ –≤—Ä–µ–º–µ–Ω–Ω–æ–π –ø–∞–ø–∫–∏
2013-05-01 01:56:05 tConveyor 	Clear	–°–±—Ä–æ—Å —Å–ø–∏—Å–∫–∞ –∫–æ–º–∞–Ω–¥ —Ç—Ä–∞–Ω–∑–∞–∫—Ü–∏–∏
2013-05-01 01:56:05 tModelsConveyor 	StartSendDeleteFiles	–§–æ—Ä–º–∏—Ä–æ–≤–∞–Ω–∏–µ —Å–ø–∏—Å–∫–∞ –∫–æ–º–∞–Ω–¥ —Ç—Ä–∞–Ω–∑–∞–∫—Ü–∏–∏ –ø–µ—Ä–µ–¥–∞—á–∏ –∏ —É–¥–∞–ª–µ–Ω–∏—è —Ñ–∞–π–ª–æ–≤ –Ω–∞ —Å–µ—Ä–≤–µ—Ä–µ
2013-05-01 01:56:05 tModelsConveyor 	StartSendDeleteFiles	–í—Å–µ –º–æ–¥–µ–ª–∏ –æ—Ç–ø—Ä–∞–≤–ª–µ–Ω—ã
2013-05-01 01:56:05 tModelsConveyor 	StartSendDeleteFiles	 –ù–ê–ß–ê–õ–û –ü–†–û–¶–ï–î–£–†–´ –û–ë–ù–û–í–õ–ï–ù–?–Ø LAST
2013-05-01 01:56:05 tDatabaseOp 	PrepareUpdateLastSynch	–ù–ê–ß–ê–õ–û –ü–û–î–ì–û–¢–û–í–ö–? –û–ë–ù–û–í–õ–ï–ù–?–Ø LAST 
2013-05-01 01:56:05 tDatabaseOp 	UpdateLastSynch	–û–±–Ω–æ–≤–ª–µ–Ω–∏–µ Last —Ç–∞–±–ª–∏—Ü –ø–æ —Å–µ—Ä–≤–µ—Ä–Ω—ã–º —Ç–∞–±–ª–∏—Ü–∞–º  
2013-05-01 01:56:10 tDatabaseOp 	UpdateLastSynch	–û–±–Ω–æ–≤–ª–µ–Ω–∏–µ Last —Ç–∞–±–ª–∏—Ü –ø–æ —Å–µ—Ä–≤–µ—Ä–Ω—ã–º —Ç–∞–±–ª–∏—Ü–∞–º  
----------------------------------------------------
2013-05-01 02:01:30 tSettings 	SetFilePath	Read parameters 
2013-05-01 02:01:31 tSettings 	sync	Save parameters 
2013-05-01 02:01:31 tDatabaseOp 	DatabaseOp	–ü–æ–¥–∫–ª—é—á–µ–Ω–∏–µ –±–∞–∑—ã –¥–∞–Ω–Ω—ã—Ö  
2013-05-01 02:01:31 tDatabaseOp 	RefreshModelsFiles	–û–±–Ω–æ–≤–ª–µ–Ω–∏–µ –ª–æ–∫–∞–ª—å–Ω—ã—Ö —Ç–∞–±–ª–∏—Ü –ø–æ —Ñ–∞–π–ª–∞–º –Ω–∞ –¥–∏—Å–∫–µ  
2013-05-01 02:01:32 socket 	Initialize	–°–æ–∑–¥–∞–Ω–∏–µ —Å–æ–∫–µ—Ç–∞ 
2013-05-01 02:01:32 Zast 	FindServer	–ù–∞—á–∞–ª–æ –ø–æ–∏—Å–∫–∞ —Å–µ—Ä–≤–µ—Ä–∞ 
2013-05-01 02:01:32 socket 	ReadReport	Report: 3
2013-05-01 02:01:32 tConnectConfirmReport 	ExeCommand	 –ü–æ–¥—Ç–≤–µ—Ä–∂–¥–µ–Ω–∏–µ —Å–æ–µ–¥–∏–Ω–µ–Ω–∏—è 
2013-05-01 02:01:32 tConveyor 	OnCommand	–í—ã–ø–æ–ª–Ω–µ–Ω–∏–µ –∫–æ–º–∞–Ω–¥—ã –∏–∑ —Å–æ–∫–µ—Ç–∞ ConnectConfirmReport
2013-05-01 02:01:32 tClientGuiCommand 	GuiConnectConfirmReport	–ü–æ–¥–∫–ª—é—á–µ–Ω–∏–µ —Ä–∞–∑—Ä–µ—à–µ–Ω–æ
2013-05-01 02:01:32 Zast 	AutorizStart	–°–µ—Ä–≤–µ—Ä –Ω–∞–π–¥–µ–Ω 
2013-05-01 02:01:35 –û—Ç–ø—Ä–∞–≤–∫–∞ –∞–≤—Ç–æ—Ä–∏–∑–∞—Ü–∏–∏ –õ–æ–≥–∏–Ω: 1
2013-05-01 02:01:35 tConveyor 	OnCommand	–í—ã–ø–æ–ª–Ω–µ–Ω–∏–µ –∫–æ–º–∞–Ω–¥—ã –∏–∑ GUI SendAutorization
2013-05-01 02:01:35 tClientGuiCommand 	GuiSendAutorization	–û—Ç–ø—Ä–∞–≤–∫–∞ –ª–æ–≥–∏–Ω–∞ –∏ –ø–∞—Ä–æ–ª—è –õ–æ–≥–∏–Ω: 1
2013-05-01 02:01:35 socket 	OnCommand	–ü–æ–ª—É—á–µ–Ω–∞ –∫–æ–º–∞–Ω–¥–∞ SendAutorization
2013-05-01 02:01:35 tStreamSendAutorization 	ExeCommand	 –û—Ç–ø—Ä–∞–≤–∫–∞ –∞–≤—Ç–æ—Ä–∏–∑–∞—Ü–∏–∏  1
2013-05-01 02:01:35 socket 	ReadReport	Report: 5
2013-05-01 02:01:35 tStreamReportAutorization 	ExeCommand	 –ê–≤—Ç–æ—Ä–∏–∑–∞—Ü–∏—è —É—Å–ø–µ—à–Ω–∞ 
2013-05-01 02:01:35 tConveyor 	OnCommand	–í—ã–ø–æ–ª–Ω–µ–Ω–∏–µ –∫–æ–º–∞–Ω–¥—ã –∏–∑ —Å–æ–∫–µ—Ç–∞ ReportAutorization
2013-05-01 02:01:35 tClientGuiCommand 	GuiReportAutorization	–û—Ç—á–µ—Ç –æ–± –∞–≤—Ç–æ—Ä–∏–∑–∞—Ü–∏–∏. –ê–≤—Ç–æ—Ä–∏–∑–∞—Ü–∏—è –ø—Ä–∏–Ω—è—Ç–∞ 
2013-05-01 02:01:36 tConveyor 	OnCommand	–í—ã–ø–æ–ª–Ω–µ–Ω–∏–µ –∫–æ–º–∞–Ω–¥—ã –∏–∑ GUI GetListModels
2013-05-01 02:01:36 tClientGuiCommand 	GetListModels	 –ó–∞–ø—Ä–æ—Å —Å–ø–∏—Å–∫–∞ –º–æ–¥–µ–ª–µ–π —Å —Å–µ—Ä–≤–µ—Ä–∞
2013-05-01 02:01:36 socket 	OnCommand	–ü–æ–ª—É—á–µ–Ω–∞ –∫–æ–º–∞–Ω–¥–∞ GetListModels
2013-05-01 02:01:36 tGetServerListModels 	ExeCommand	 –ó–∞–ø—Ä–æ—Å —Å–ø–∏—Å–∫–∞ –º–æ–¥–µ–ª–µ–π —Å —Å–µ—Ä–≤–µ—Ä–∞ 
2013-05-01 02:01:36 socket 	ReadReport	Report: 11
2013-05-01 02:01:36 tReportGetListServerModels 	ExeCommand	 –ü–æ–ª—É—á–µ–Ω–∏–µ —Å–ø–∏—Å–∫–∞ –º–æ–¥–µ–ª–µ–π —Å —Å–µ—Ä–≤–µ—Ä–∞ 
2013-05-01 02:01:36 tConveyor 	OnCommand	–í—ã–ø–æ–ª–Ω–µ–Ω–∏–µ –∫–æ–º–∞–Ω–¥—ã –∏–∑ —Å–æ–∫–µ—Ç–∞ ReportGetListServerModels
2013-05-01 02:01:36 tClientGuiCommand 	GetListModels	 –û—Ç—á–µ—Ç –∑–∞–ø—Ä–æ—Å–∞ —Å–ø–∏—Å–∫–∞ –º–æ–¥–µ–ª–µ–π —Å —Å–µ—Ä–≤–µ—Ä–∞
2013-05-01 02:01:36 tDatabaseOp 	SaveServerModelFiles	–û–±–Ω–æ–≤–ª–µ–Ω–∏–µ —Å–µ—Ä–≤–µ—Ä–Ω—ã—Ö —Ç–∞–±–ª–∏—Ü –ø–æ –∏–Ω—Ñ–æ—Ä–º–∞—Ü–∏–∏ —Å —Å–µ—Ä–≤–µ—Ä–∞  
2013-05-01 02:01:47 tDatabaseOp 	RefreshModelsFiles	–û–±–Ω–æ–≤–ª–µ–Ω–∏–µ –ª–æ–∫–∞–ª—å–Ω—ã—Ö —Ç–∞–±–ª–∏—Ü –ø–æ —Ñ–∞–π–ª–∞–º –Ω–∞ –¥–∏—Å–∫–µ  
2013-05-01 02:02:10 tDatabaseOp 	RefreshModelsFiles	–û–±–Ω–æ–≤–ª–µ–Ω–∏–µ –ª–æ–∫–∞–ª—å–Ω—ã—Ö —Ç–∞–±–ª–∏—Ü –ø–æ —Ñ–∞–π–ª–∞–º –Ω–∞ –¥–∏—Å–∫–µ  
2013-05-01 02:03:00 tConveyor 	OnCommand	–í—ã–ø–æ–ª–Ω–µ–Ω–∏–µ –∫–æ–º–∞–Ω–¥—ã –∏–∑ GUI GetListModels
2013-05-01 02:03:00 tClientGuiCommand 	GetListModels	 –ó–∞–ø—Ä–æ—Å —Å–ø–∏—Å–∫–∞ –º–æ–¥–µ–ª–µ–π —Å —Å–µ—Ä–≤–µ—Ä–∞
2013-05-01 02:03:00 socket 	OnCommand	–ü–æ–ª—É—á–µ–Ω–∞ –∫–æ–º–∞–Ω–¥–∞ GetListModels
2013-05-01 02:03:00 tGetServerListModels 	ExeCommand	 –ó–∞–ø—Ä–æ—Å —Å–ø–∏—Å–∫–∞ –º–æ–¥–µ–ª–µ–π —Å —Å–µ—Ä–≤–µ—Ä–∞ 
2013-05-01 02:03:00 socket 	ReadReport	Report: 11
2013-05-01 02:03:00 tReportGetListServerModels 	ExeCommand	 –ü–æ–ª—É—á–µ–Ω–∏–µ —Å–ø–∏—Å–∫–∞ –º–æ–¥–µ–ª–µ–π —Å —Å–µ—Ä–≤–µ—Ä–∞ 
2013-05-01 02:03:00 tConveyor 	OnCommand	–í—ã–ø–æ–ª–Ω–µ–Ω–∏–µ –∫–æ–º–∞–Ω–¥—ã –∏–∑ —Å–æ–∫–µ—Ç–∞ ReportGetListServerModels
2013-05-01 02:03:00 tClientGuiCommand 	GetListModels	 –û—Ç—á–µ—Ç –∑–∞–ø—Ä–æ—Å–∞ —Å–ø–∏—Å–∫–∞ –º–æ–¥–µ–ª–µ–π —Å —Å–µ—Ä–≤–µ—Ä–∞
2013-05-01 02:03:00 tDatabaseOp 	SaveServerModelFiles	–û–±–Ω–æ–≤–ª–µ–Ω–∏–µ —Å–µ—Ä–≤–µ—Ä–Ω—ã—Ö —Ç–∞–±–ª–∏—Ü –ø–æ –∏–Ω—Ñ–æ—Ä–º–∞—Ü–∏–∏ —Å —Å–µ—Ä–≤–µ—Ä–∞  
2013-05-01 02:03:28 tConveyor 	Clear	–°–±—Ä–æ—Å —Å–ø–∏—Å–∫–∞ –∫–æ–º–∞–Ω–¥ —Ç—Ä–∞–Ω–∑–∞–∫—Ü–∏–∏
2013-05-01 02:03:29 tModelsConveyor 	StartSendDeleteFiles	–§–æ—Ä–º–∏—Ä–æ–≤–∞–Ω–∏–µ —Å–ø–∏—Å–∫–∞ –∫–æ–º–∞–Ω–¥ —Ç—Ä–∞–Ω–∑–∞–∫—Ü–∏–∏ –ø–µ—Ä–µ–¥–∞—á–∏ –∏ —É–¥–∞–ª–µ–Ω–∏—è —Ñ–∞–π–ª–æ–≤ –Ω–∞ —Å–µ—Ä–≤–µ—Ä–µ
2013-05-01 02:03:29 tConveyor 	SendFile	–ü–æ–¥–≥–æ—Ç–æ–≤–∫–∞ –∫–æ–º–∞–Ω–¥—ã –æ—Ç–ø—Ä–∞–≤–∫–∏ —Ñ–∞–π–ª–∞ objects/vhc_t-90/.t-90.info/Lighthouse - –∫–æ–ø–∏—è.jpg
2013-05-01 02:03:29 tConveyor 	AddStartTransaction	–î–æ–±–∞–≤–ª–µ–Ω–∏–µ –∫–æ–º–∞–Ω–¥—ã –Ω–∞—á–∞–ª–∞ —Ç—Ä–∞–Ω–∑–∞–∫—Ü–∏–∏ (–æ—Ç–ø—Ä–∞–≤–∫–∞) 
2013-05-01 02:03:29 tConveyor 	AddSendCommand	–î–æ–±–∞–≤–ª–µ–Ω–∏–µ –∫–æ–º–∞–Ω–¥—ã –æ—Ç–ø—Ä–∞–≤–∫–∏ —Ñ–∞–π–ª–æ–≤ SendFile –§–∞–π–ª objects/vhc_t-90/.t-90.info/Lighthouse - –∫–æ–ø–∏—è.jpg
2013-05-01 02:03:29 tConveyor 	AddCommitTransaction	–§–æ—Ä–º–∏—Ä–æ–≤–∞–Ω–∏–µ –∫–æ–º–∞–Ω–¥—ã –∫–æ–º–º–∏—Ç–∞ —Ç—Ä–∞–Ω–∑–∞–∫—Ü–∏–∏ –æ—Ç–ø—Ä–∞–≤–∫–∏ CommitTransaction
2013-05-01 02:03:29 tConveyor 	StartExecution	–ù–∞—á–∞–ª–æ –≤—ã–ø–æ–ª–Ω–µ–Ω–∏—è —Å–ø–∏—Å–∫–∞ –∫–æ–º–∞–Ω–¥ 
2013-05-01 02:03:29 tConveyor 	NextCommand	–°–ª–µ–¥—É—é—â–∞—è –∫–æ–º–∞–Ω–¥–∞ —Å–ø–∏—Å–∫–∞ –∫–æ–º–∞–Ω–¥
2013-05-01 02:03:29 tConveyor 	OnCommand	–í—ã–ø–æ–ª–Ω–µ–Ω–∏–µ –∫–æ–º–∞–Ω–¥—ã –∏–∑ GUI StartTransaction
2013-05-01 02:03:29 tClientGuiCommand 	GuiStartTransaction	–ù–ê–ß–ê–õ–û –¢–†–ê–ù–ó–ê–ö–¶–?–? 
2013-05-01 02:03:29 socket 	OnCommand	–ü–æ–ª—É—á–µ–Ω–∞ –∫–æ–º–∞–Ω–¥–∞ StartTransaction
2013-05-01 02:03:29 tStreamStartTransactionn 	ExeCommand	 –ü–µ—Ä–µ–¥–∞—á–∞ –∫–æ–º–∞–Ω–¥—ã –Ω–∞—á–∞–ª–∞ —Ç—Ä–∞–Ω–∑–∞–∫—Ü–∏–∏ 
2013-05-01 02:03:29 socket 	ReadReport	Report: 6
2013-05-01 02:03:29 tStreamReportStartTransaction 	ExeCommand	 –¢—Ä–∞–Ω–∑–∞–∫—Ü–∏—è –Ω–∞—á–∞—Ç–∞ —É—Å–ø–µ—à–Ω–æ 
2013-05-01 02:03:29 tConveyor 	OnCommand	–í—ã–ø–æ–ª–Ω–µ–Ω–∏–µ –∫–æ–º–∞–Ω–¥—ã –∏–∑ —Å–æ–∫–µ—Ç–∞ ReportStartTransaction
2013-05-01 02:03:29 tClientGuiCommand 	GuiReportStartTransaction	–û—Ç—á–µ—Ç –æ –Ω–∞—á–∞–ª–µ —Ç—Ä–∞–Ω–∑–∞–∫—Ü–∏–∏ 
2013-05-01 02:03:29 tConveyor 	NextCommand	–°–ª–µ–¥—É—é—â–∞—è –∫–æ–º–∞–Ω–¥–∞ —Å–ø–∏—Å–∫–∞ –∫–æ–º–∞–Ω–¥
2013-05-01 02:03:29 tConveyor 	OnCommand	–í—ã–ø–æ–ª–Ω–µ–Ω–∏–µ –∫–æ–º–∞–Ω–¥—ã –∏–∑ GUI SendFile
2013-05-01 02:03:29 tClientGuiCommand 	GuiSendFile	–ö–æ–º–∞–Ω–¥–∞ –ø–µ—Ä–µ–¥–∞—á–∏ —Ñ–∞–π–ª–∞ objects/vhc_t-90/.t-90.info/Lighthouse - –∫–æ–ø–∏—è.jpg
2013-05-01 02:03:29 socket 	OnCommand	–ü–æ–ª—É—á–µ–Ω–∞ –∫–æ–º–∞–Ω–¥–∞ SendFile
2013-05-01 02:03:29 tSendFile 	ExeCommand	 –û—Ç–ø—Ä–∞–≤–∫–∞ –Ω–∞ —Å–µ—Ä–≤–µ—Ä –∫–æ–º–∞–Ω–¥—ã –ø–µ—Ä–µ–¥–∞—á–∏ —Ñ–∞–π–ª–∞ objects/vhc_t-90/.t-90.info/Lighthouse - –∫–æ–ø–∏—è.jpg
2013-05-01 02:03:29 socket 	ReadReport	Report: 2
2013-05-01 02:03:29 tReportSendFile 	ExeCommand	 –û—Ç—á–µ—Ç –æ –ø–µ—Ä–µ–¥–∞—á–µ —Ñ–∞–π–ª–∞ objects/vhc_t-90/.t-90.info/Lighthouse - –∫–æ–ø–∏—è.jpg
2013-05-01 02:03:29 tConveyor 	OnCommand	–í—ã–ø–æ–ª–Ω–µ–Ω–∏–µ –∫–æ–º–∞–Ω–¥—ã –∏–∑ —Å–æ–∫–µ—Ç–∞ SendReport
2013-05-01 02:03:29 tClientGuiCommand 	GuiReportSendFile	–û—Ç—á–µ—Ç –æ –ø–µ—Ä–µ–¥–∞—á–µ —Ñ–∞–π–ª–∞ objects/vhc_t-90/.t-90.info/Lighthouse - –∫–æ–ø–∏—è.jpg
2013-05-01 02:03:29 tConveyor 	NextCommand	–°–ª–µ–¥—É—é—â–∞—è –∫–æ–º–∞–Ω–¥–∞ —Å–ø–∏—Å–∫–∞ –∫–æ–º–∞–Ω–¥
2013-05-01 02:03:29 tConveyor 	OnCommand	–í—ã–ø–æ–ª–Ω–µ–Ω–∏–µ –∫–æ–º–∞–Ω–¥—ã –∏–∑ GUI CommitTransaction
2013-05-01 02:03:29 tClientGuiCommand 	GuiCommitTransaction	–ö–æ–º–º–∏—Ç —Ç—Ä–∞–Ω–∑–∞–∫—Ü–∏–∏ 
2013-05-01 02:03:29 socket 	OnCommand	–ü–æ–ª—É—á–µ–Ω–∞ –∫–æ–º–∞–Ω–¥–∞ CommitTransaction
2013-05-01 02:03:29 tStreamCommitTransaction 	ExeCommand	 –û—Ç–ø—Ä–∞–≤–∫–∞ –∫–æ–º–∞–Ω–¥—ã –∫–æ–º–º–∏—Ç–∞ —Ç—Ä–∞–Ω–∑–∞–∫—Ü–∏–∏ 
2013-05-01 02:03:29 socket 	ReadReport	Report: 7
2013-05-01 02:03:29 tStreamReportCommitTransaction 	ExeCommand	 –ö–æ–º–º–∏—Ç –∑–∞–≤–µ—Ä—à–∏–ª—Å—è —É—Å–ø–µ—à–Ω–æ 
2013-05-01 02:03:29 tConveyor 	OnCommand	–í—ã–ø–æ–ª–Ω–µ–Ω–∏–µ –∫–æ–º–∞–Ω–¥—ã –∏–∑ —Å–æ–∫–µ—Ç–∞ ReportCommitTransaction
2013-05-01 02:03:29 tClientGuiCommand 	GuiCommitTransaction	–æ—Ç—á–µ—Ç –æ –∫–æ–º–º–∏—Ç–µ —Ç—Ä–∞–Ω–∑–∞–∫—Ü–∏–∏ 
2013-05-01 02:03:29 tConveyor 	NextCommand	–ö–æ–Ω–µ—Ü —Å–ø–∏—Å–∫–∞ –∫–æ–º–∞–Ω–¥ 
2013-05-01 02:03:29 tConveyor 	ClearTempFolder	–û—á–∏—Å—Ç–∫–∞ –≤—Ä–µ–º–µ–Ω–Ω–æ–π –ø–∞–ø–∫–∏
2013-05-01 02:03:29 tConveyor 	ClearTempFolder	–û—á–∏—Å—Ç–∫–∞ –≤—Ä–µ–º–µ–Ω–Ω–æ–π –ø–∞–ø–∫–∏
2013-05-01 02:03:29 tConveyor 	Clear	–°–±—Ä–æ—Å —Å–ø–∏—Å–∫–∞ –∫–æ–º–∞–Ω–¥ —Ç—Ä–∞–Ω–∑–∞–∫—Ü–∏–∏
2013-05-01 02:03:29 tModelsConveyor 	StartSendDeleteFiles	–§–æ—Ä–º–∏—Ä–æ–≤–∞–Ω–∏–µ —Å–ø–∏—Å–∫–∞ –∫–æ–º–∞–Ω–¥ —Ç—Ä–∞–Ω–∑–∞–∫—Ü–∏–∏ –ø–µ—Ä–µ–¥–∞—á–∏ –∏ —É–¥–∞–ª–µ–Ω–∏—è —Ñ–∞–π–ª–æ–≤ –Ω–∞ —Å–µ—Ä–≤–µ—Ä–µ
2013-05-01 02:03:29 tModelsConveyor 	StartSendDeleteFiles	–í—Å–µ –º–æ–¥–µ–ª–∏ –æ—Ç–ø—Ä–∞–≤–ª–µ–Ω—ã
2013-05-01 02:03:29 tModelsConveyor 	StartSendDeleteFiles	 –ù–ê–ß–ê–õ–û –ü–†–û–¶–ï–î–£–†–´ –û–ë–ù–û–í–õ–ï–ù–?–Ø LAST
2013-05-01 02:03:29 tDatabaseOp 	PrepareUpdateLastSynch	–ù–ê–ß–ê–õ–û –ü–û–î–ì–û–¢–û–í–ö–? –û–ë–ù–û–í–õ–ï–ù–?–Ø LAST 
2013-05-01 02:03:29 tDatabaseOp 	UpdateLastSynch	–û–±–Ω–æ–≤–ª–µ–Ω–∏–µ Last —Ç–∞–±–ª–∏—Ü –ø–æ —Å–µ—Ä–≤–µ—Ä–Ω—ã–º —Ç–∞–±–ª–∏—Ü–∞–º  
2013-05-01 02:03:34 tDatabaseOp 	UpdateLastSynch	–û–±–Ω–æ–≤–ª–µ–Ω–∏–µ Last —Ç–∞–±–ª–∏—Ü –ø–æ —Å–µ—Ä–≤–µ—Ä–Ω—ã–º —Ç–∞–±–ª–∏—Ü–∞–º  
2013-05-01 02:03:47 tConveyor 	GetServerModels	–ó–∞–ø—Ä–æ—Å —Å–ø–∏—Å–∫–∞ –º–æ–¥–µ–ª–µ–π 
2013-05-01 02:03:47 tConveyor 	NextCommand	–°–ª–µ–¥—É—é—â–∞—è –∫–æ–º–∞–Ω–¥–∞ —Å–ø–∏—Å–∫–∞ –∫–æ–º–∞–Ω–¥
2013-05-01 02:03:47 tConveyor 	OnCommand	–í—ã–ø–æ–ª–Ω–µ–Ω–∏–µ –∫–æ–º–∞–Ω–¥—ã –∏–∑ GUI GetListModels
2013-05-01 02:03:47 tClientGuiCommand 	GetListModels	 –ó–∞–ø—Ä–æ—Å —Å–ø–∏—Å–∫–∞ –º–æ–¥–µ–ª–µ–π —Å —Å–µ—Ä–≤–µ—Ä–∞
2013-05-01 02:03:47 socket 	OnCommand	–ü–æ–ª—É—á–µ–Ω–∞ –∫–æ–º–∞–Ω–¥–∞ GetListModels
2013-05-01 02:03:47 tGetServerListModels 	ExeCommand	 –ó–∞–ø—Ä–æ—Å —Å–ø–∏—Å–∫–∞ –º–æ–¥–µ–ª–µ–π —Å —Å–µ—Ä–≤–µ—Ä–∞ 
2013-05-01 02:03:47 socket 	ReadReport	Report: 11
2013-05-01 02:03:47 tReportGetListServerModels 	ExeCommand	 –ü–æ–ª—É—á–µ–Ω–∏–µ —Å–ø–∏—Å–∫–∞ –º–æ–¥–µ–ª–µ–π —Å —Å–µ—Ä–≤–µ—Ä–∞ 
2013-05-01 02:03:47 tConveyor 	OnCommand	–í—ã–ø–æ–ª–Ω–µ–Ω–∏–µ –∫–æ–º–∞–Ω–¥—ã –∏–∑ —Å–æ–∫–µ—Ç–∞ ReportGetListServerModels
2013-05-01 02:03:47 tClientGuiCommand 	GetListModels	 –û—Ç—á–µ—Ç –∑–∞–ø—Ä–æ—Å–∞ —Å–ø–∏—Å–∫–∞ –º–æ–¥–µ–ª–µ–π —Å —Å–µ—Ä–≤–µ—Ä–∞
2013-05-01 02:03:47 tDatabaseOp 	SaveServerModelFiles	–û–±–Ω–æ–≤–ª–µ–Ω–∏–µ —Å–µ—Ä–≤–µ—Ä–Ω—ã—Ö —Ç–∞–±–ª–∏—Ü –ø–æ –∏–Ω—Ñ–æ—Ä–º–∞—Ü–∏–∏ —Å —Å–µ—Ä–≤–µ—Ä–∞  
2013-05-01 02:03:47 tClientGuiCommand 	GetListModels	 –û–ö–û–ù–ß–ê–ù–?–ï –ü–†–û–¶–ï–î–£–† –û–ë–ù–û–í–õ–ï–ù–?–Ø –¢–ê–ë–õ–?–¶ LAST
2013-05-01 02:03:47 tDatabaseOp 	PrepareUpdateLastSynch	–û–ö–û–ù–ß–ê–ù–?–ï –û–ë–ù–û–í–õ–ï–ù–?–Ø LAST 
